mode: atomic
github.com/aerospike/aerospike-client-go/types/buffer_pool.go:39.77,47.2 1 0
github.com/aerospike/aerospike-client-go/types/buffer_pool.go:51.42,53.17 2 0
github.com/aerospike/aerospike-client-go/types/buffer_pool.go:60.2,61.12 2 0
github.com/aerospike/aerospike-client-go/types/buffer_pool.go:53.17,56.3 2 0
github.com/aerospike/aerospike-client-go/types/buffer_pool.go:56.3,58.3 1 0
github.com/aerospike/aerospike-client-go/types/buffer_pool.go:66.39,67.31 1 0
github.com/aerospike/aerospike-client-go/types/buffer_pool.go:67.31,69.36 2 0
github.com/aerospike/aerospike-client-go/types/buffer_pool.go:73.3,73.20 1 0
github.com/aerospike/aerospike-client-go/types/buffer_pool.go:69.36,72.4 2 0
github.com/aerospike/aerospike-client-go/types/epoc.go:13.48,15.2 1 0
github.com/aerospike/aerospike-client-go/types/error.go:33.51,35.2 1 0
github.com/aerospike/aerospike-client-go/types/error.go:40.67,41.24 1 0
github.com/aerospike/aerospike-client-go/types/error.go:45.2,46.53 2 0
github.com/aerospike/aerospike-client-go/types/error.go:41.24,43.3 1 0
github.com/aerospike/aerospike-client-go/types/message.go:41.42,43.2 1 0
github.com/aerospike/aerospike-client-go/types/message.go:52.58,61.2 1 0
github.com/aerospike/aerospike-client-go/types/message.go:66.49,67.36 1 0
github.com/aerospike/aerospike-client-go/types/message.go:70.2,70.37 1 0
github.com/aerospike/aerospike-client-go/types/message.go:73.2,74.12 2 0
github.com/aerospike/aerospike-client-go/types/message.go:67.36,69.3 1 0
github.com/aerospike/aerospike-client-go/types/message.go:70.37,72.3 1 0
github.com/aerospike/aerospike-client-go/types/message.go:78.40,85.2 5 0
github.com/aerospike/aerospike-client-go/types/message.go:87.41,91.2 3 0
github.com/aerospike/aerospike-client-go/types/message.go:94.43,100.2 5 0
github.com/aerospike/aerospike-client-go/types/pool.go:37.34,41.2 1 0
github.com/aerospike/aerospike-client-go/types/pool.go:46.56,48.72 2 0
github.com/aerospike/aerospike-client-go/types/pool.go:59.2,59.12 1 0
github.com/aerospike/aerospike-client-go/types/pool.go:48.72,50.39 1 0
github.com/aerospike/aerospike-client-go/types/pool.go:54.3,54.20 1 0
github.com/aerospike/aerospike-client-go/types/pool.go:50.39,52.4 1 0
github.com/aerospike/aerospike-client-go/types/pool.go:54.20,56.4 1 0
github.com/aerospike/aerospike-client-go/types/pool.go:63.38,65.46 2 0
github.com/aerospike/aerospike-client-go/types/pool.go:69.2,69.36 1 0
github.com/aerospike/aerospike-client-go/types/pool.go:65.46,67.3 1 0
github.com/aerospike/aerospike-client-go/types/pool.go:69.36,71.3 1 0
github.com/aerospike/aerospike-client-go/types/result_code.go:209.37,212.9 2 0
github.com/aerospike/aerospike-client-go/types/result_code.go:216.2,216.23 1 0
github.com/aerospike/aerospike-client-go/types/result_code.go:212.9,214.3 1 0
github.com/aerospike/aerospike-client-go/types/result_code.go:217.2,218.14 1 0
github.com/aerospike/aerospike-client-go/types/result_code.go:220.2,221.15 1 0
github.com/aerospike/aerospike-client-go/types/result_code.go:226.55,227.32 1 0
github.com/aerospike/aerospike-client-go/types/result_code.go:228.2,229.122 1 0
github.com/aerospike/aerospike-client-go/types/result_code.go:231.2,232.51 1 0
github.com/aerospike/aerospike-client-go/types/result_code.go:234.2,235.28 1 0
github.com/aerospike/aerospike-client-go/types/result_code.go:237.2,238.28 1 0
github.com/aerospike/aerospike-client-go/types/result_code.go:240.2,241.27 1 0
github.com/aerospike/aerospike-client-go/types/result_code.go:243.2,244.24 1 0
github.com/aerospike/aerospike-client-go/types/result_code.go:246.2,247.23 1 0
github.com/aerospike/aerospike-client-go/types/result_code.go:249.2,250.27 1 0
github.com/aerospike/aerospike-client-go/types/result_code.go:252.2,253.14 1 0
github.com/aerospike/aerospike-client-go/types/result_code.go:255.2,256.24 1 0
github.com/aerospike/aerospike-client-go/types/result_code.go:258.2,259.25 1 0
github.com/aerospike/aerospike-client-go/types/result_code.go:261.2,262.28 1 0
github.com/aerospike/aerospike-client-go/types/result_code.go:264.2,265.27 1 0
github.com/aerospike/aerospike-client-go/types/result_code.go:267.2,268.30 1 0
github.com/aerospike/aerospike-client-go/types/result_code.go:270.2,271.30 1 0
github.com/aerospike/aerospike-client-go/types/result_code.go:273.2,274.32 1 0
github.com/aerospike/aerospike-client-go/types/result_code.go:276.2,277.31 1 0
github.com/aerospike/aerospike-client-go/types/result_code.go:279.2,280.19 1 0
github.com/aerospike/aerospike-client-go/types/result_code.go:282.2,283.29 1 0
github.com/aerospike/aerospike-client-go/types/result_code.go:285.2,286.32 1 0
github.com/aerospike/aerospike-client-go/types/result_code.go:288.2,289.26 1 0
github.com/aerospike/aerospike-client-go/types/result_code.go:291.2,292.26 1 0
github.com/aerospike/aerospike-client-go/types/result_code.go:294.2,295.19 1 0
github.com/aerospike/aerospike-client-go/types/result_code.go:297.2,298.24 1 0
github.com/aerospike/aerospike-client-go/types/result_code.go:300.2,301.38 1 0
github.com/aerospike/aerospike-client-go/types/result_code.go:303.2,304.25 1 0
github.com/aerospike/aerospike-client-go/types/result_code.go:306.2,307.27 1 0
github.com/aerospike/aerospike-client-go/types/result_code.go:309.2,310.24 1 0
github.com/aerospike/aerospike-client-go/types/result_code.go:312.2,313.31 1 0
github.com/aerospike/aerospike-client-go/types/result_code.go:315.2,316.54 1 0
github.com/aerospike/aerospike-client-go/types/result_code.go:318.2,319.46 1 0
github.com/aerospike/aerospike-client-go/types/result_code.go:321.2,322.21 1 0
github.com/aerospike/aerospike-client-go/types/result_code.go:324.2,325.34 1 0
github.com/aerospike/aerospike-client-go/types/result_code.go:327.2,328.32 1 0
github.com/aerospike/aerospike-client-go/types/result_code.go:330.2,331.41 1 0
github.com/aerospike/aerospike-client-go/types/result_code.go:333.2,334.27 1 0
github.com/aerospike/aerospike-client-go/types/result_code.go:336.2,337.25 1 0
github.com/aerospike/aerospike-client-go/types/result_code.go:339.2,340.25 1 0
github.com/aerospike/aerospike-client-go/types/result_code.go:342.2,343.24 1 0
github.com/aerospike/aerospike-client-go/types/result_code.go:345.2,346.31 1 0
github.com/aerospike/aerospike-client-go/types/result_code.go:348.2,349.28 1 0
github.com/aerospike/aerospike-client-go/types/result_code.go:351.2,352.28 1 0
github.com/aerospike/aerospike-client-go/types/result_code.go:354.2,355.30 1 0
github.com/aerospike/aerospike-client-go/types/result_code.go:357.2,358.30 1 0
github.com/aerospike/aerospike-client-go/types/result_code.go:360.2,361.24 1 0
github.com/aerospike/aerospike-client-go/types/result_code.go:363.2,364.31 1 0
github.com/aerospike/aerospike-client-go/types/result_code.go:366.2,367.29 1 0
github.com/aerospike/aerospike-client-go/types/result_code.go:369.2,370.29 1 0
github.com/aerospike/aerospike-client-go/types/result_code.go:372.2,373.26 1 0
github.com/aerospike/aerospike-client-go/types/result_code.go:375.2,376.30 1 0
github.com/aerospike/aerospike-client-go/types/result_code.go:378.2,379.43 1 0
github.com/aerospike/aerospike-client-go/types/result_code.go:381.2,382.32 1 0
github.com/aerospike/aerospike-client-go/types/result_code.go:384.2,385.27 1 0
github.com/aerospike/aerospike-client-go/types/result_code.go:387.2,388.31 1 0
github.com/aerospike/aerospike-client-go/types/result_code.go:390.2,391.30 1 0
github.com/aerospike/aerospike-client-go/types/result_code.go:393.2,394.23 1 0
github.com/aerospike/aerospike-client-go/types/result_code.go:396.2,397.42 1 0
github.com/aerospike/aerospike-client-go/types/result_code.go:399.2,400.35 1 0
github.com/aerospike/aerospike-client-go/types/result_code.go:402.2,403.25 1 0
github.com/aerospike/aerospike-client-go/types/result_code.go:405.2,406.28 1 0
github.com/aerospike/aerospike-client-go/types/result_code.go:408.2,409.25 1 0
github.com/aerospike/aerospike-client-go/types/result_code.go:411.2,412.23 1 0
github.com/aerospike/aerospike-client-go/types/result_code.go:414.2,415.104 1 0
