mode: atomic
github.com/aerospike/aerospike-client-go/types/atomic/array.go:30.46,35.2 1 0
github.com/aerospike/aerospike-client-go/types/atomic/array.go:39.49,41.33 1 0
github.com/aerospike/aerospike-client-go/types/atomic/array.go:45.2,48.12 4 0
github.com/aerospike/aerospike-client-go/types/atomic/array.go:41.33,43.3 1 0
github.com/aerospike/aerospike-client-go/types/atomic/array.go:53.61,55.33 1 0
github.com/aerospike/aerospike-client-go/types/atomic/array.go:59.2,62.12 4 0
github.com/aerospike/aerospike-client-go/types/atomic/array.go:55.33,57.3 1 0
github.com/aerospike/aerospike-client-go/types/atomic/array.go:66.37,72.2 4 0
github.com/aerospike/aerospike-client-go/types/atomic/bool.go:25.44,27.11 2 1
github.com/aerospike/aerospike-client-go/types/atomic/bool.go:30.2,32.3 1 1
github.com/aerospike/aerospike-client-go/types/atomic/bool.go:27.11,29.3 1 1
github.com/aerospike/aerospike-client-go/types/atomic/bool.go:36.34,37.38 1 0
github.com/aerospike/aerospike-client-go/types/atomic/bool.go:40.2,40.14 1 0
github.com/aerospike/aerospike-client-go/types/atomic/bool.go:37.38,39.3 1 0
github.com/aerospike/aerospike-client-go/types/atomic/bool.go:44.40,46.12 2 0
github.com/aerospike/aerospike-client-go/types/atomic/bool.go:49.2,49.40 1 0
github.com/aerospike/aerospike-client-go/types/atomic/bool.go:46.12,48.3 1 0
github.com/aerospike/aerospike-client-go/types/atomic/bool.go:53.58,55.12 2 2
github.com/aerospike/aerospike-client-go/types/atomic/bool.go:58.2,58.78 1 2
github.com/aerospike/aerospike-client-go/types/atomic/bool.go:55.12,57.3 1 2
github.com/aerospike/aerospike-client-go/types/atomic/int.go:25.41,29.2 1 1
github.com/aerospike/aerospike-client-go/types/atomic/int.go:32.47,34.2 1 0
github.com/aerospike/aerospike-client-go/types/atomic/int.go:38.65,40.2 1 0
github.com/aerospike/aerospike-client-go/types/atomic/int.go:43.44,45.2 1 0
github.com/aerospike/aerospike-client-go/types/atomic/int.go:48.32,50.2 1 1
github.com/aerospike/aerospike-client-go/types/atomic/int.go:53.47,56.2 2 0
github.com/aerospike/aerospike-client-go/types/atomic/int.go:59.44,62.2 2 0
github.com/aerospike/aerospike-client-go/types/atomic/int.go:65.44,68.2 2 0
github.com/aerospike/aerospike-client-go/types/atomic/int.go:71.50,73.2 1 0
github.com/aerospike/aerospike-client-go/types/atomic/int.go:76.44,78.2 1 100
github.com/aerospike/aerospike-client-go/types/atomic/int.go:81.40,83.2 1 0
github.com/aerospike/aerospike-client-go/types/atomic/queue.go:31.44,32.15 1 3
github.com/aerospike/aerospike-client-go/types/atomic/queue.go:36.2,40.3 1 3
github.com/aerospike/aerospike-client-go/types/atomic/queue.go:32.15,33.44 1 0
github.com/aerospike/aerospike-client-go/types/atomic/queue.go:46.51,50.35 2 220
github.com/aerospike/aerospike-client-go/types/atomic/queue.go:55.2,55.24 1 110
github.com/aerospike/aerospike-client-go/types/atomic/queue.go:59.2,62.13 4 110
github.com/aerospike/aerospike-client-go/types/atomic/queue.go:50.35,53.3 2 110
github.com/aerospike/aerospike-client-go/types/atomic/queue.go:55.24,57.3 1 11
github.com/aerospike/aerospike-client-go/types/atomic/queue.go:67.48,71.37 2 220
github.com/aerospike/aerospike-client-go/types/atomic/queue.go:79.2,80.12 2 220
github.com/aerospike/aerospike-client-go/types/atomic/queue.go:71.37,72.25 1 100
github.com/aerospike/aerospike-client-go/types/atomic/queue.go:75.3,76.23 2 100
github.com/aerospike/aerospike-client-go/types/atomic/queue.go:72.25,74.4 1 10
