mode: atomic
github.com/aerospike/aerospike-client-go/cluster.go:36.45,39.30 2 23
github.com/aerospike/aerospike-client-go/cluster.go:48.2,48.13 1 23
github.com/aerospike/aerospike-client-go/cluster.go:39.30,41.32 2 0
github.com/aerospike/aerospike-client-go/cluster.go:46.3,46.24 1 0
github.com/aerospike/aerospike-client-go/cluster.go:41.32,45.4 3 0
github.com/aerospike/aerospike-client-go/cluster.go:52.52,54.40 1 23
github.com/aerospike/aerospike-client-go/cluster.go:54.40,55.20 1 46
github.com/aerospike/aerospike-client-go/cluster.go:59.3,59.42 1 46
github.com/aerospike/aerospike-client-go/cluster.go:55.20,57.4 1 46
github.com/aerospike/aerospike-client-go/cluster.go:59.42,60.24 1 46
github.com/aerospike/aerospike-client-go/cluster.go:64.4,64.35 1 46
github.com/aerospike/aerospike-client-go/cluster.go:60.24,62.5 1 46
github.com/aerospike/aerospike-client-go/cluster.go:64.35,65.20 1 188416
github.com/aerospike/aerospike-client-go/cluster.go:65.20,67.6 1 188416
github.com/aerospike/aerospike-client-go/cluster.go:74.40,76.35 2 0
github.com/aerospike/aerospike-client-go/cluster.go:94.2,94.21 1 0
github.com/aerospike/aerospike-client-go/cluster.go:76.35,77.42 1 0
github.com/aerospike/aerospike-client-go/cluster.go:77.42,78.35 1 0
github.com/aerospike/aerospike-client-go/cluster.go:78.35,85.20 7 0
github.com/aerospike/aerospike-client-go/cluster.go:90.5,90.26 1 0
github.com/aerospike/aerospike-client-go/cluster.go:85.20,87.6 1 0
github.com/aerospike/aerospike-client-go/cluster.go:87.6,89.6 1 0
github.com/aerospike/aerospike-client-go/cluster.go:139.72,142.69 2 25
github.com/aerospike/aerospike-client-go/cluster.go:159.2,180.37 3 25
github.com/aerospike/aerospike-client-go/cluster.go:190.2,193.60 2 25
github.com/aerospike/aerospike-client-go/cluster.go:201.2,205.24 4 24
github.com/aerospike/aerospike-client-go/cluster.go:142.69,145.30 2 0
github.com/aerospike/aerospike-client-go/cluster.go:156.3,156.19 1 0
github.com/aerospike/aerospike-client-go/cluster.go:145.30,147.24 2 0
github.com/aerospike/aerospike-client-go/cluster.go:154.4,154.36 1 0
github.com/aerospike/aerospike-client-go/cluster.go:147.24,148.23 1 0
github.com/aerospike/aerospike-client-go/cluster.go:148.23,150.6 1 0
github.com/aerospike/aerospike-client-go/cluster.go:150.6,152.6 1 0
github.com/aerospike/aerospike-client-go/cluster.go:180.37,183.17 3 0
github.com/aerospike/aerospike-client-go/cluster.go:186.3,186.47 1 0
github.com/aerospike/aerospike-client-go/cluster.go:183.17,185.4 1 0
github.com/aerospike/aerospike-client-go/cluster.go:193.60,194.17 1 1
github.com/aerospike/aerospike-client-go/cluster.go:197.3,197.174 1 0
github.com/aerospike/aerospike-client-go/cluster.go:194.17,196.4 1 1
github.com/aerospike/aerospike-client-go/cluster.go:209.39,211.2 1 0
github.com/aerospike/aerospike-client-go/cluster.go:215.57,219.41 3 24
github.com/aerospike/aerospike-client-go/cluster.go:223.1,224.6 1 24
github.com/aerospike/aerospike-client-go/cluster.go:245.2,249.33 3 21
github.com/aerospike/aerospike-client-go/cluster.go:219.41,221.3 1 0
github.com/aerospike/aerospike-client-go/cluster.go:224.6,225.10 1 530
github.com/aerospike/aerospike-client-go/cluster.go:226.28,229.14 2 21
github.com/aerospike/aerospike-client-go/cluster.go:230.35,232.39 2 506
github.com/aerospike/aerospike-client-go/cluster.go:238.4,238.86 1 506
github.com/aerospike/aerospike-client-go/cluster.go:232.39,234.5 1 0
github.com/aerospike/aerospike-client-go/cluster.go:238.86,240.5 1 0
github.com/aerospike/aerospike-client-go/cluster.go:249.33,251.3 1 20
github.com/aerospike/aerospike-client-go/cluster.go:256.47,257.64 1 0
github.com/aerospike/aerospike-client-go/cluster.go:257.64,261.3 3 0
github.com/aerospike/aerospike-client-go/cluster.go:265.36,272.21 3 554
github.com/aerospike/aerospike-client-go/cluster.go:282.2,289.29 6 552
github.com/aerospike/aerospike-client-go/cluster.go:298.2,300.29 3 552
github.com/aerospike/aerospike-client-go/cluster.go:308.2,311.99 2 552
github.com/aerospike/aerospike-client-go/cluster.go:326.2,326.38 1 552
github.com/aerospike/aerospike-client-go/cluster.go:363.2,364.29 2 552
github.com/aerospike/aerospike-client-go/cluster.go:374.2,376.53 2 552
github.com/aerospike/aerospike-client-go/cluster.go:390.2,390.28 1 552
github.com/aerospike/aerospike-client-go/cluster.go:394.2,394.19 1 552
github.com/aerospike/aerospike-client-go/cluster.go:399.2,399.68 1 552
github.com/aerospike/aerospike-client-go/cluster.go:404.2,412.40 7 552
github.com/aerospike/aerospike-client-go/cluster.go:422.2,422.25 1 552
github.com/aerospike/aerospike-client-go/cluster.go:427.2,427.50 1 552
github.com/aerospike/aerospike-client-go/cluster.go:430.2,430.12 1 552
github.com/aerospike/aerospike-client-go/cluster.go:272.21,274.62 2 25
github.com/aerospike/aerospike-client-go/cluster.go:279.3,279.27 1 23
github.com/aerospike/aerospike-client-go/cluster.go:274.62,276.4 1 2
github.com/aerospike/aerospike-client-go/cluster.go:289.29,293.32 3 552
github.com/aerospike/aerospike-client-go/cluster.go:293.32,295.4 1 0
github.com/aerospike/aerospike-client-go/cluster.go:300.29,301.23 1 552
github.com/aerospike/aerospike-client-go/cluster.go:301.23,303.46 2 552
github.com/aerospike/aerospike-client-go/cluster.go:303.46,305.5 1 0
github.com/aerospike/aerospike-client-go/cluster.go:311.99,316.30 3 552
github.com/aerospike/aerospike-client-go/cluster.go:322.3,322.12 1 552
github.com/aerospike/aerospike-client-go/cluster.go:316.30,317.24 1 552
github.com/aerospike/aerospike-client-go/cluster.go:317.24,320.5 2 552
github.com/aerospike/aerospike-client-go/cluster.go:326.38,327.46 1 0
github.com/aerospike/aerospike-client-go/cluster.go:332.3,333.25 2 0
github.com/aerospike/aerospike-client-go/cluster.go:327.46,329.12 1 0
github.com/aerospike/aerospike-client-go/cluster.go:333.25,335.38 2 0
github.com/aerospike/aerospike-client-go/cluster.go:335.38,338.56 2 0
github.com/aerospike/aerospike-client-go/cluster.go:344.5,344.35 1 0
github.com/aerospike/aerospike-client-go/cluster.go:348.5,348.41 1 0
github.com/aerospike/aerospike-client-go/cluster.go:354.5,357.10 4 0
github.com/aerospike/aerospike-client-go/cluster.go:338.56,340.14 2 0
github.com/aerospike/aerospike-client-go/cluster.go:344.35,346.6 1 0
github.com/aerospike/aerospike-client-go/cluster.go:348.41,350.11 1 0
github.com/aerospike/aerospike-client-go/cluster.go:364.29,365.23 1 552
github.com/aerospike/aerospike-client-go/cluster.go:365.23,367.35 2 552
github.com/aerospike/aerospike-client-go/cluster.go:367.35,369.5 1 23
github.com/aerospike/aerospike-client-go/cluster.go:376.53,381.26 2 552
github.com/aerospike/aerospike-client-go/cluster.go:381.26,382.33 1 0
github.com/aerospike/aerospike-client-go/cluster.go:385.4,385.33 1 0
github.com/aerospike/aerospike-client-go/cluster.go:382.33,384.5 1 0
github.com/aerospike/aerospike-client-go/cluster.go:390.28,392.3 1 0
github.com/aerospike/aerospike-client-go/cluster.go:394.19,396.3 1 0
github.com/aerospike/aerospike-client-go/cluster.go:399.68,401.3 1 0
github.com/aerospike/aerospike-client-go/cluster.go:412.40,413.34 1 552
github.com/aerospike/aerospike-client-go/cluster.go:413.34,414.27 1 23
github.com/aerospike/aerospike-client-go/cluster.go:418.4,418.41 1 23
github.com/aerospike/aerospike-client-go/cluster.go:414.27,416.5 1 23
github.com/aerospike/aerospike-client-go/cluster.go:422.25,424.3 1 23
github.com/aerospike/aerospike-client-go/cluster.go:427.50,429.3 1 23
github.com/aerospike/aerospike-client-go/cluster.go:433.70,435.17 2 0
github.com/aerospike/aerospike-client-go/cluster.go:440.2,441.17 2 0
github.com/aerospike/aerospike-client-go/cluster.go:446.2,446.14 1 0
github.com/aerospike/aerospike-client-go/cluster.go:435.17,438.3 2 0
github.com/aerospike/aerospike-client-go/cluster.go:441.17,444.3 2 0
github.com/aerospike/aerospike-client-go/cluster.go:456.50,462.12 3 25
github.com/aerospike/aerospike-client-go/cluster.go:489.2,489.9 1 25
github.com/aerospike/aerospike-client-go/cluster.go:462.12,464.7 2 25
github.com/aerospike/aerospike-client-go/cluster.go:486.3,486.16 1 23
github.com/aerospike/aerospike-client-go/cluster.go:464.7,465.38 1 48
github.com/aerospike/aerospike-client-go/cluster.go:478.4,478.38 1 46
github.com/aerospike/aerospike-client-go/cluster.go:482.4,484.33 2 23
github.com/aerospike/aerospike-client-go/cluster.go:465.38,466.45 1 2
github.com/aerospike/aerospike-client-go/cluster.go:473.5,473.29 1 0
github.com/aerospike/aerospike-client-go/cluster.go:466.45,467.31 1 2
github.com/aerospike/aerospike-client-go/cluster.go:468.58,470.13 2 2
github.com/aerospike/aerospike-client-go/cluster.go:478.38,479.10 1 23
github.com/aerospike/aerospike-client-go/cluster.go:490.48,491.60 1 0
github.com/aerospike/aerospike-client-go/cluster.go:492.23,493.13 1 25
github.com/aerospike/aerospike-client-go/cluster.go:497.52,498.82 1 0
github.com/aerospike/aerospike-client-go/cluster.go:503.2,503.20 1 0
github.com/aerospike/aerospike-client-go/cluster.go:498.82,501.3 2 0
github.com/aerospike/aerospike-client-go/cluster.go:506.59,508.2 1 23
github.com/aerospike/aerospike-client-go/cluster.go:510.52,512.2 1 78904
github.com/aerospike/aerospike-client-go/cluster.go:515.49,517.89 1 25
github.com/aerospike/aerospike-client-go/cluster.go:524.2,534.33 7 25
github.com/aerospike/aerospike-client-go/cluster.go:551.2,554.6 3 25
github.com/aerospike/aerospike-client-go/cluster.go:572.2,573.32 2 2
github.com/aerospike/aerospike-client-go/cluster.go:587.2,587.112 1 0
github.com/aerospike/aerospike-client-go/cluster.go:517.89,523.3 4 25
github.com/aerospike/aerospike-client-go/cluster.go:534.33,535.34 1 25
github.com/aerospike/aerospike-client-go/cluster.go:535.34,541.18 5 25
github.com/aerospike/aerospike-client-go/cluster.go:546.4,547.29 2 23
github.com/aerospike/aerospike-client-go/cluster.go:541.18,545.5 3 2
github.com/aerospike/aerospike-client-go/cluster.go:554.6,555.10 1 25
github.com/aerospike/aerospike-client-go/cluster.go:556.25,559.22 3 2
github.com/aerospike/aerospike-client-go/cluster.go:562.22,564.20 1 23
github.com/aerospike/aerospike-client-go/cluster.go:565.49,568.11 2 0
github.com/aerospike/aerospike-client-go/cluster.go:559.22,560.12 1 2
github.com/aerospike/aerospike-client-go/cluster.go:573.32,574.17 1 2
github.com/aerospike/aerospike-client-go/cluster.go:574.17,575.44 1 2
github.com/aerospike/aerospike-client-go/cluster.go:583.4,583.42 1 0
github.com/aerospike/aerospike-client-go/cluster.go:575.44,576.30 1 2
github.com/aerospike/aerospike-client-go/cluster.go:577.28,578.56 1 0
github.com/aerospike/aerospike-client-go/cluster.go:579.38,580.24 1 2
github.com/aerospike/aerospike-client-go/cluster.go:590.59,592.2 1 23
github.com/aerospike/aerospike-client-go/cluster.go:595.68,596.28 1 23
github.com/aerospike/aerospike-client-go/cluster.go:601.2,601.14 1 23
github.com/aerospike/aerospike-client-go/cluster.go:596.28,597.29 1 0
github.com/aerospike/aerospike-client-go/cluster.go:597.29,599.4 1 0
github.com/aerospike/aerospike-client-go/cluster.go:604.56,605.32 1 0
github.com/aerospike/aerospike-client-go/cluster.go:605.32,606.67 1 0
github.com/aerospike/aerospike-client-go/cluster.go:606.67,610.4 3 0
github.com/aerospike/aerospike-client-go/cluster.go:614.48,615.18 1 0
github.com/aerospike/aerospike-client-go/cluster.go:615.18,616.67 1 0
github.com/aerospike/aerospike-client-go/cluster.go:616.67,620.4 3 0
github.com/aerospike/aerospike-client-go/cluster.go:624.67,629.29 3 552
github.com/aerospike/aerospike-client-go/cluster.go:671.2,671.19 1 552
github.com/aerospike/aerospike-client-go/cluster.go:629.29,630.23 1 552
github.com/aerospike/aerospike-client-go/cluster.go:636.3,636.21 1 552
github.com/aerospike/aerospike-client-go/cluster.go:630.23,633.12 2 0
github.com/aerospike/aerospike-client-go/cluster.go:637.10,639.32 1 552
github.com/aerospike/aerospike-client-go/cluster.go:644.10,646.86 1 0
github.com/aerospike/aerospike-client-go/cluster.go:651.11,654.111 1 0
github.com/aerospike/aerospike-client-go/cluster.go:639.32,642.5 1 0
github.com/aerospike/aerospike-client-go/cluster.go:646.86,649.5 1 0
github.com/aerospike/aerospike-client-go/cluster.go:654.111,657.33 1 0
github.com/aerospike/aerospike-client-go/cluster.go:657.33,659.45 1 0
github.com/aerospike/aerospike-client-go/cluster.go:659.45,663.7 1 0
github.com/aerospike/aerospike-client-go/cluster.go:664.6,667.6 1 0
github.com/aerospike/aerospike-client-go/cluster.go:674.65,677.42 2 0
github.com/aerospike/aerospike-client-go/cluster.go:687.2,687.14 1 0
github.com/aerospike/aerospike-client-go/cluster.go:677.42,678.42 1 0
github.com/aerospike/aerospike-client-go/cluster.go:678.42,679.35 1 0
github.com/aerospike/aerospike-client-go/cluster.go:679.35,681.23 1 0
github.com/aerospike/aerospike-client-go/cluster.go:681.23,683.6 1 0
github.com/aerospike/aerospike-client-go/cluster.go:690.61,691.64 1 23
github.com/aerospike/aerospike-client-go/cluster.go:691.64,693.35 2 23
github.com/aerospike/aerospike-client-go/cluster.go:700.3,702.24 3 23
github.com/aerospike/aerospike-client-go/cluster.go:710.3,713.20 3 23
github.com/aerospike/aerospike-client-go/cluster.go:693.35,694.60 1 23
github.com/aerospike/aerospike-client-go/cluster.go:694.60,697.5 2 23
github.com/aerospike/aerospike-client-go/cluster.go:702.24,705.48 2 23
github.com/aerospike/aerospike-client-go/cluster.go:705.48,707.5 1 23
github.com/aerospike/aerospike-client-go/cluster.go:717.58,723.37 1 0
github.com/aerospike/aerospike-client-go/cluster.go:744.2,744.64 1 0
github.com/aerospike/aerospike-client-go/cluster.go:723.37,726.67 1 0
github.com/aerospike/aerospike-client-go/cluster.go:734.3,734.68 1 0
github.com/aerospike/aerospike-client-go/cluster.go:740.3,740.15 1 0
github.com/aerospike/aerospike-client-go/cluster.go:726.67,728.44 2 0
github.com/aerospike/aerospike-client-go/cluster.go:731.4,731.23 1 0
github.com/aerospike/aerospike-client-go/cluster.go:728.44,730.5 1 0
github.com/aerospike/aerospike-client-go/cluster.go:734.68,738.4 3 0
github.com/aerospike/aerospike-client-go/cluster.go:744.64,748.27 4 0
github.com/aerospike/aerospike-client-go/cluster.go:756.3,757.24 2 0
github.com/aerospike/aerospike-client-go/cluster.go:763.3,763.23 1 0
github.com/aerospike/aerospike-client-go/cluster.go:748.27,749.38 1 0
github.com/aerospike/aerospike-client-go/cluster.go:749.38,750.22 1 0
github.com/aerospike/aerospike-client-go/cluster.go:750.22,752.6 1 0
github.com/aerospike/aerospike-client-go/cluster.go:757.24,758.23 1 0
github.com/aerospike/aerospike-client-go/cluster.go:758.23,760.5 1 0
github.com/aerospike/aerospike-client-go/cluster.go:769.42,773.2 2 51
github.com/aerospike/aerospike-client-go/cluster.go:775.95,776.17 1 11186
github.com/aerospike/aerospike-client-go/cluster.go:777.14,778.40 1 11186
github.com/aerospike/aerospike-client-go/cluster.go:779.21,780.45 1 0
github.com/aerospike/aerospike-client-go/cluster.go:781.10,783.31 1 0
github.com/aerospike/aerospike-client-go/cluster.go:787.74,791.25 3 78881
github.com/aerospike/aerospike-client-go/cluster.go:798.2,798.30 1 0
github.com/aerospike/aerospike-client-go/cluster.go:791.25,793.37 2 78881
github.com/aerospike/aerospike-client-go/cluster.go:793.37,795.4 1 78881
github.com/aerospike/aerospike-client-go/cluster.go:801.79,805.25 3 0
github.com/aerospike/aerospike-client-go/cluster.go:815.2,815.30 1 0
github.com/aerospike/aerospike-client-go/cluster.go:805.25,806.26 1 0
github.com/aerospike/aerospike-client-go/cluster.go:806.26,809.38 3 0
github.com/aerospike/aerospike-client-go/cluster.go:809.38,811.5 1 0
github.com/aerospike/aerospike-client-go/cluster.go:819.54,823.30 3 174
github.com/aerospike/aerospike-client-go/cluster.go:833.2,833.51 1 0
github.com/aerospike/aerospike-client-go/cluster.go:823.30,828.37 3 174
github.com/aerospike/aerospike-client-go/cluster.go:828.37,831.4 1 174
github.com/aerospike/aerospike-client-go/cluster.go:837.42,840.2 1 2840
github.com/aerospike/aerospike-client-go/cluster.go:843.41,844.80 1 0
github.com/aerospike/aerospike-client-go/cluster.go:854.2,854.21 1 0
github.com/aerospike/aerospike-client-go/cluster.go:844.80,847.30 3 0
github.com/aerospike/aerospike-client-go/cluster.go:851.3,851.18 1 0
github.com/aerospike/aerospike-client-go/cluster.go:847.30,849.4 1 0
github.com/aerospike/aerospike-client-go/cluster.go:858.51,859.82 1 0
github.com/aerospike/aerospike-client-go/cluster.go:869.2,869.29 1 0
github.com/aerospike/aerospike-client-go/cluster.go:859.82,862.29 3 0
github.com/aerospike/aerospike-client-go/cluster.go:866.3,866.18 1 0
github.com/aerospike/aerospike-client-go/cluster.go:862.29,864.4 1 0
github.com/aerospike/aerospike-client-go/cluster.go:874.69,877.17 2 0
github.com/aerospike/aerospike-client-go/cluster.go:880.2,880.18 1 0
github.com/aerospike/aerospike-client-go/cluster.go:877.17,879.3 1 0
github.com/aerospike/aerospike-client-go/cluster.go:883.61,885.40 1 0
github.com/aerospike/aerospike-client-go/cluster.go:890.2,890.12 1 0
github.com/aerospike/aerospike-client-go/cluster.go:885.40,886.33 1 0
github.com/aerospike/aerospike-client-go/cluster.go:886.33,888.4 1 0
github.com/aerospike/aerospike-client-go/cluster.go:895.31,896.25 1 24
github.com/aerospike/aerospike-client-go/cluster.go:896.25,902.3 2 21
github.com/aerospike/aerospike-client-go/cluster.go:907.88,908.18 1 4
github.com/aerospike/aerospike-client-go/cluster.go:912.2,914.12 2 4
github.com/aerospike/aerospike-client-go/cluster.go:930.2,931.6 2 4
github.com/aerospike/aerospike-client-go/cluster.go:908.18,910.3 1 0
github.com/aerospike/aerospike-client-go/cluster.go:914.12,917.30 2 4
github.com/aerospike/aerospike-client-go/cluster.go:926.3,927.16 2 4
github.com/aerospike/aerospike-client-go/cluster.go:917.30,918.23 1 4
github.com/aerospike/aerospike-client-go/cluster.go:918.23,919.65 1 4
github.com/aerospike/aerospike-client-go/cluster.go:919.65,922.6 2 0
github.com/aerospike/aerospike-client-go/cluster.go:931.6,932.10 1 4
github.com/aerospike/aerospike-client-go/cluster.go:933.18,934.44 1 0
github.com/aerospike/aerospike-client-go/cluster.go:935.15,936.19 1 4
github.com/aerospike/aerospike-client-go/cluster.go:943.88,944.18 1 4
github.com/aerospike/aerospike-client-go/cluster.go:947.2,949.12 2 4
github.com/aerospike/aerospike-client-go/cluster.go:960.2,961.9 2 4
github.com/aerospike/aerospike-client-go/cluster.go:944.18,946.3 1 4
github.com/aerospike/aerospike-client-go/cluster.go:949.12,952.7 1 4
github.com/aerospike/aerospike-client-go/cluster.go:952.7,953.74 1 4
github.com/aerospike/aerospike-client-go/cluster.go:953.74,956.5 2 4
github.com/aerospike/aerospike-client-go/cluster.go:962.17,963.36 1 0
github.com/aerospike/aerospike-client-go/cluster.go:964.20,965.13 1 4
github.com/aerospike/aerospike-client-go/cluster.go:970.47,972.17 2 92
github.com/aerospike/aerospike-client-go/cluster.go:975.2,975.12 1 92
github.com/aerospike/aerospike-client-go/cluster.go:972.17,974.3 1 0
github.com/aerospike/aerospike-client-go/cluster.go:978.81,980.24 1 0
github.com/aerospike/aerospike-client-go/cluster.go:980.24,983.3 2 0
github.com/aerospike/aerospike-client-go/cluster.go:987.57,989.2 1 0
github.com/aerospike/aerospike-client-go/generics.go:20.59,22.26 2 6
github.com/aerospike/aerospike-client-go/generics.go:29.2,29.18 1 6
github.com/aerospike/aerospike-client-go/generics.go:22.26,25.17 3 18
github.com/aerospike/aerospike-client-go/generics.go:25.17,27.4 1 0
github.com/aerospike/aerospike-client-go/generics.go:33.33,35.2 1 6
github.com/aerospike/aerospike-client-go/generics.go:40.56,42.26 2 57010
github.com/aerospike/aerospike-client-go/generics.go:49.2,49.18 1 57010
github.com/aerospike/aerospike-client-go/generics.go:42.26,45.17 3 88827
github.com/aerospike/aerospike-client-go/generics.go:45.17,47.4 1 0
github.com/aerospike/aerospike-client-go/generics.go:53.30,55.2 1 57010
github.com/aerospike/aerospike-client-go/generics.go:60.57,62.26 2 6
github.com/aerospike/aerospike-client-go/generics.go:69.2,69.18 1 6
github.com/aerospike/aerospike-client-go/generics.go:62.26,65.17 3 36
github.com/aerospike/aerospike-client-go/generics.go:65.17,67.4 1 0
github.com/aerospike/aerospike-client-go/generics.go:73.31,75.2 1 6
github.com/aerospike/aerospike-client-go/generics.go:80.58,82.26 2 6
github.com/aerospike/aerospike-client-go/generics.go:89.2,89.18 1 6
github.com/aerospike/aerospike-client-go/generics.go:82.26,85.17 3 36
github.com/aerospike/aerospike-client-go/generics.go:85.17,87.4 1 0
github.com/aerospike/aerospike-client-go/generics.go:93.32,95.2 1 6
github.com/aerospike/aerospike-client-go/generics.go:100.58,102.26 2 6
github.com/aerospike/aerospike-client-go/generics.go:109.2,109.18 1 6
github.com/aerospike/aerospike-client-go/generics.go:102.26,105.17 3 36
github.com/aerospike/aerospike-client-go/generics.go:105.17,107.4 1 0
github.com/aerospike/aerospike-client-go/generics.go:113.32,115.2 1 6
github.com/aerospike/aerospike-client-go/generics.go:120.58,122.26 2 6
github.com/aerospike/aerospike-client-go/generics.go:129.2,129.18 1 6
github.com/aerospike/aerospike-client-go/generics.go:122.26,125.17 3 36
github.com/aerospike/aerospike-client-go/generics.go:125.17,127.4 1 0
github.com/aerospike/aerospike-client-go/generics.go:133.32,135.2 1 6
github.com/aerospike/aerospike-client-go/generics.go:140.59,142.26 2 6
github.com/aerospike/aerospike-client-go/generics.go:149.2,149.18 1 6
github.com/aerospike/aerospike-client-go/generics.go:142.26,145.17 3 30
github.com/aerospike/aerospike-client-go/generics.go:145.17,147.4 1 0
github.com/aerospike/aerospike-client-go/generics.go:153.33,155.2 1 6
github.com/aerospike/aerospike-client-go/generics.go:160.59,162.26 2 6
github.com/aerospike/aerospike-client-go/generics.go:169.2,169.18 1 6
github.com/aerospike/aerospike-client-go/generics.go:162.26,165.17 3 30
github.com/aerospike/aerospike-client-go/generics.go:165.17,167.4 1 0
github.com/aerospike/aerospike-client-go/generics.go:173.33,175.2 1 6
github.com/aerospike/aerospike-client-go/generics.go:180.59,182.26 2 0
github.com/aerospike/aerospike-client-go/generics.go:189.2,189.18 1 0
github.com/aerospike/aerospike-client-go/generics.go:182.26,185.17 3 0
github.com/aerospike/aerospike-client-go/generics.go:185.17,187.4 1 0
github.com/aerospike/aerospike-client-go/generics.go:193.33,195.2 1 0
github.com/aerospike/aerospike-client-go/generics.go:200.60,202.26 2 0
github.com/aerospike/aerospike-client-go/generics.go:209.2,209.18 1 0
github.com/aerospike/aerospike-client-go/generics.go:202.26,205.17 3 0
github.com/aerospike/aerospike-client-go/generics.go:205.17,207.4 1 0
github.com/aerospike/aerospike-client-go/generics.go:213.34,215.2 1 0
github.com/aerospike/aerospike-client-go/generics.go:220.60,222.26 2 0
github.com/aerospike/aerospike-client-go/generics.go:229.2,229.18 1 0
github.com/aerospike/aerospike-client-go/generics.go:222.26,225.17 3 0
github.com/aerospike/aerospike-client-go/generics.go:225.17,227.4 1 0
github.com/aerospike/aerospike-client-go/generics.go:233.34,235.2 1 0
github.com/aerospike/aerospike-client-go/generics.go:242.62,244.23 2 0
github.com/aerospike/aerospike-client-go/generics.go:257.2,257.18 1 0
github.com/aerospike/aerospike-client-go/generics.go:244.23,247.17 3 0
github.com/aerospike/aerospike-client-go/generics.go:251.3,253.17 3 0
github.com/aerospike/aerospike-client-go/generics.go:247.17,249.4 1 0
github.com/aerospike/aerospike-client-go/generics.go:253.17,255.4 1 0
github.com/aerospike/aerospike-client-go/generics.go:261.37,263.2 1 0
github.com/aerospike/aerospike-client-go/generics.go:268.59,270.23 2 0
github.com/aerospike/aerospike-client-go/generics.go:283.2,283.18 1 0
github.com/aerospike/aerospike-client-go/generics.go:270.23,273.17 3 0
github.com/aerospike/aerospike-client-go/generics.go:277.3,279.17 3 0
github.com/aerospike/aerospike-client-go/generics.go:273.17,275.4 1 0
github.com/aerospike/aerospike-client-go/generics.go:279.17,281.4 1 0
github.com/aerospike/aerospike-client-go/generics.go:287.34,289.2 1 0
github.com/aerospike/aerospike-client-go/generics.go:294.60,296.23 2 0
github.com/aerospike/aerospike-client-go/generics.go:309.2,309.18 1 0
github.com/aerospike/aerospike-client-go/generics.go:296.23,299.17 3 0
github.com/aerospike/aerospike-client-go/generics.go:303.3,305.17 3 0
github.com/aerospike/aerospike-client-go/generics.go:299.17,301.4 1 0
github.com/aerospike/aerospike-client-go/generics.go:305.17,307.4 1 0
github.com/aerospike/aerospike-client-go/generics.go:313.35,315.2 1 0
github.com/aerospike/aerospike-client-go/generics.go:320.61,322.23 2 0
github.com/aerospike/aerospike-client-go/generics.go:335.2,335.18 1 0
github.com/aerospike/aerospike-client-go/generics.go:322.23,325.17 3 0
github.com/aerospike/aerospike-client-go/generics.go:329.3,331.17 3 0
github.com/aerospike/aerospike-client-go/generics.go:325.17,327.4 1 0
github.com/aerospike/aerospike-client-go/generics.go:331.17,333.4 1 0
github.com/aerospike/aerospike-client-go/generics.go:339.36,341.2 1 0
github.com/aerospike/aerospike-client-go/generics.go:346.61,348.23 2 0
github.com/aerospike/aerospike-client-go/generics.go:361.2,361.18 1 0
github.com/aerospike/aerospike-client-go/generics.go:348.23,351.17 3 0
github.com/aerospike/aerospike-client-go/generics.go:355.3,357.17 3 0
github.com/aerospike/aerospike-client-go/generics.go:351.17,353.4 1 0
github.com/aerospike/aerospike-client-go/generics.go:357.17,359.4 1 0
github.com/aerospike/aerospike-client-go/generics.go:365.36,367.2 1 0
github.com/aerospike/aerospike-client-go/generics.go:372.61,374.23 2 0
github.com/aerospike/aerospike-client-go/generics.go:387.2,387.18 1 0
github.com/aerospike/aerospike-client-go/generics.go:374.23,377.17 3 0
github.com/aerospike/aerospike-client-go/generics.go:381.3,383.17 3 0
github.com/aerospike/aerospike-client-go/generics.go:377.17,379.4 1 0
github.com/aerospike/aerospike-client-go/generics.go:383.17,385.4 1 0
github.com/aerospike/aerospike-client-go/generics.go:391.36,393.2 1 0
github.com/aerospike/aerospike-client-go/generics.go:398.62,400.23 2 0
github.com/aerospike/aerospike-client-go/generics.go:413.2,413.18 1 0
github.com/aerospike/aerospike-client-go/generics.go:400.23,403.17 3 0
github.com/aerospike/aerospike-client-go/generics.go:407.3,409.17 3 0
github.com/aerospike/aerospike-client-go/generics.go:403.17,405.4 1 0
github.com/aerospike/aerospike-client-go/generics.go:409.17,411.4 1 0
github.com/aerospike/aerospike-client-go/generics.go:417.37,419.2 1 0
github.com/aerospike/aerospike-client-go/generics.go:424.62,426.23 2 0
github.com/aerospike/aerospike-client-go/generics.go:439.2,439.18 1 0
github.com/aerospike/aerospike-client-go/generics.go:426.23,429.17 3 0
github.com/aerospike/aerospike-client-go/generics.go:433.3,435.17 3 0
github.com/aerospike/aerospike-client-go/generics.go:429.17,431.4 1 0
github.com/aerospike/aerospike-client-go/generics.go:435.17,437.4 1 0
github.com/aerospike/aerospike-client-go/generics.go:443.37,445.2 1 0
github.com/aerospike/aerospike-client-go/generics.go:450.63,452.23 2 0
github.com/aerospike/aerospike-client-go/generics.go:465.2,465.18 1 0
github.com/aerospike/aerospike-client-go/generics.go:452.23,455.17 3 0
github.com/aerospike/aerospike-client-go/generics.go:459.3,461.17 3 0
github.com/aerospike/aerospike-client-go/generics.go:455.17,457.4 1 0
github.com/aerospike/aerospike-client-go/generics.go:461.17,463.4 1 0
github.com/aerospike/aerospike-client-go/generics.go:469.38,471.2 1 0
github.com/aerospike/aerospike-client-go/generics.go:476.63,478.23 2 0
github.com/aerospike/aerospike-client-go/generics.go:491.2,491.18 1 0
github.com/aerospike/aerospike-client-go/generics.go:478.23,481.17 3 0
github.com/aerospike/aerospike-client-go/generics.go:485.3,487.17 3 0
github.com/aerospike/aerospike-client-go/generics.go:481.17,483.4 1 0
github.com/aerospike/aerospike-client-go/generics.go:487.17,489.4 1 0
github.com/aerospike/aerospike-client-go/generics.go:495.38,497.2 1 0
github.com/aerospike/aerospike-client-go/generics.go:502.59,504.23 2 57000
github.com/aerospike/aerospike-client-go/generics.go:517.2,517.18 1 57000
github.com/aerospike/aerospike-client-go/generics.go:504.23,507.17 3 88806
github.com/aerospike/aerospike-client-go/generics.go:511.3,513.17 3 88806
github.com/aerospike/aerospike-client-go/generics.go:507.17,509.4 1 0
github.com/aerospike/aerospike-client-go/generics.go:513.17,515.4 1 0
github.com/aerospike/aerospike-client-go/generics.go:521.34,523.2 1 57000
github.com/aerospike/aerospike-client-go/generics.go:528.56,530.23 2 0
github.com/aerospike/aerospike-client-go/generics.go:543.2,543.18 1 0
github.com/aerospike/aerospike-client-go/generics.go:530.23,533.17 3 0
github.com/aerospike/aerospike-client-go/generics.go:537.3,539.17 3 0
github.com/aerospike/aerospike-client-go/generics.go:533.17,535.4 1 0
github.com/aerospike/aerospike-client-go/generics.go:539.17,541.4 1 0
github.com/aerospike/aerospike-client-go/generics.go:547.31,549.2 1 0
github.com/aerospike/aerospike-client-go/generics.go:554.57,556.23 2 0
github.com/aerospike/aerospike-client-go/generics.go:569.2,569.18 1 0
github.com/aerospike/aerospike-client-go/generics.go:556.23,559.17 3 0
github.com/aerospike/aerospike-client-go/generics.go:563.3,565.17 3 0
github.com/aerospike/aerospike-client-go/generics.go:559.17,561.4 1 0
github.com/aerospike/aerospike-client-go/generics.go:565.17,567.4 1 0
github.com/aerospike/aerospike-client-go/generics.go:573.32,575.2 1 0
github.com/aerospike/aerospike-client-go/generics.go:580.58,582.23 2 0
github.com/aerospike/aerospike-client-go/generics.go:595.2,595.18 1 0
github.com/aerospike/aerospike-client-go/generics.go:582.23,585.17 3 0
github.com/aerospike/aerospike-client-go/generics.go:589.3,591.17 3 0
github.com/aerospike/aerospike-client-go/generics.go:585.17,587.4 1 0
github.com/aerospike/aerospike-client-go/generics.go:591.17,593.4 1 0
github.com/aerospike/aerospike-client-go/generics.go:599.33,601.2 1 0
github.com/aerospike/aerospike-client-go/generics.go:606.58,608.23 2 0
github.com/aerospike/aerospike-client-go/generics.go:621.2,621.18 1 0
github.com/aerospike/aerospike-client-go/generics.go:608.23,611.17 3 0
github.com/aerospike/aerospike-client-go/generics.go:615.3,617.17 3 0
github.com/aerospike/aerospike-client-go/generics.go:611.17,613.4 1 0
github.com/aerospike/aerospike-client-go/generics.go:617.17,619.4 1 0
github.com/aerospike/aerospike-client-go/generics.go:625.33,627.2 1 0
github.com/aerospike/aerospike-client-go/generics.go:632.58,634.23 2 0
github.com/aerospike/aerospike-client-go/generics.go:647.2,647.18 1 0
github.com/aerospike/aerospike-client-go/generics.go:634.23,637.17 3 0
github.com/aerospike/aerospike-client-go/generics.go:641.3,643.17 3 0
github.com/aerospike/aerospike-client-go/generics.go:637.17,639.4 1 0
github.com/aerospike/aerospike-client-go/generics.go:643.17,645.4 1 0
github.com/aerospike/aerospike-client-go/generics.go:651.33,653.2 1 0
github.com/aerospike/aerospike-client-go/generics.go:658.59,660.23 2 0
github.com/aerospike/aerospike-client-go/generics.go:673.2,673.18 1 0
github.com/aerospike/aerospike-client-go/generics.go:660.23,663.17 3 0
github.com/aerospike/aerospike-client-go/generics.go:667.3,669.17 3 0
github.com/aerospike/aerospike-client-go/generics.go:663.17,665.4 1 0
github.com/aerospike/aerospike-client-go/generics.go:669.17,671.4 1 0
github.com/aerospike/aerospike-client-go/generics.go:677.34,679.2 1 0
github.com/aerospike/aerospike-client-go/generics.go:684.59,686.23 2 0
github.com/aerospike/aerospike-client-go/generics.go:699.2,699.18 1 0
github.com/aerospike/aerospike-client-go/generics.go:686.23,689.17 3 0
github.com/aerospike/aerospike-client-go/generics.go:693.3,695.17 3 0
github.com/aerospike/aerospike-client-go/generics.go:689.17,691.4 1 0
github.com/aerospike/aerospike-client-go/generics.go:695.17,697.4 1 0
github.com/aerospike/aerospike-client-go/generics.go:703.34,705.2 1 0
github.com/aerospike/aerospike-client-go/generics.go:710.60,712.23 2 0
github.com/aerospike/aerospike-client-go/generics.go:725.2,725.18 1 0
github.com/aerospike/aerospike-client-go/generics.go:712.23,715.17 3 0
github.com/aerospike/aerospike-client-go/generics.go:719.3,721.17 3 0
github.com/aerospike/aerospike-client-go/generics.go:715.17,717.4 1 0
github.com/aerospike/aerospike-client-go/generics.go:721.17,723.4 1 0
github.com/aerospike/aerospike-client-go/generics.go:729.35,731.2 1 0
github.com/aerospike/aerospike-client-go/generics.go:736.60,738.23 2 0
github.com/aerospike/aerospike-client-go/generics.go:751.2,751.18 1 0
github.com/aerospike/aerospike-client-go/generics.go:738.23,741.17 3 0
github.com/aerospike/aerospike-client-go/generics.go:745.3,747.17 3 0
github.com/aerospike/aerospike-client-go/generics.go:741.17,743.4 1 0
github.com/aerospike/aerospike-client-go/generics.go:747.17,749.4 1 0
github.com/aerospike/aerospike-client-go/generics.go:755.35,757.2 1 0
github.com/aerospike/aerospike-client-go/generics.go:762.62,764.23 2 0
github.com/aerospike/aerospike-client-go/generics.go:777.2,777.18 1 0
github.com/aerospike/aerospike-client-go/generics.go:764.23,767.17 3 0
github.com/aerospike/aerospike-client-go/generics.go:771.3,773.17 3 0
github.com/aerospike/aerospike-client-go/generics.go:767.17,769.4 1 0
github.com/aerospike/aerospike-client-go/generics.go:773.17,775.4 1 0
github.com/aerospike/aerospike-client-go/generics.go:781.37,783.2 1 0
github.com/aerospike/aerospike-client-go/generics.go:788.60,790.23 2 0
github.com/aerospike/aerospike-client-go/generics.go:803.2,803.18 1 0
github.com/aerospike/aerospike-client-go/generics.go:790.23,793.17 3 0
github.com/aerospike/aerospike-client-go/generics.go:797.3,799.17 3 0
github.com/aerospike/aerospike-client-go/generics.go:793.17,795.4 1 0
github.com/aerospike/aerospike-client-go/generics.go:799.17,801.4 1 0
github.com/aerospike/aerospike-client-go/generics.go:807.35,809.2 1 0
github.com/aerospike/aerospike-client-go/generics.go:814.57,816.23 2 0
github.com/aerospike/aerospike-client-go/generics.go:829.2,829.18 1 0
github.com/aerospike/aerospike-client-go/generics.go:816.23,819.17 3 0
github.com/aerospike/aerospike-client-go/generics.go:823.3,825.17 3 0
github.com/aerospike/aerospike-client-go/generics.go:819.17,821.4 1 0
github.com/aerospike/aerospike-client-go/generics.go:825.17,827.4 1 0
github.com/aerospike/aerospike-client-go/generics.go:833.32,835.2 1 0
github.com/aerospike/aerospike-client-go/generics.go:840.58,842.23 2 0
github.com/aerospike/aerospike-client-go/generics.go:855.2,855.18 1 0
github.com/aerospike/aerospike-client-go/generics.go:842.23,845.17 3 0
github.com/aerospike/aerospike-client-go/generics.go:849.3,851.17 3 0
github.com/aerospike/aerospike-client-go/generics.go:845.17,847.4 1 0
github.com/aerospike/aerospike-client-go/generics.go:851.17,853.4 1 0
github.com/aerospike/aerospike-client-go/generics.go:859.33,861.2 1 0
github.com/aerospike/aerospike-client-go/generics.go:866.59,868.23 2 0
github.com/aerospike/aerospike-client-go/generics.go:881.2,881.18 1 0
github.com/aerospike/aerospike-client-go/generics.go:868.23,871.17 3 0
github.com/aerospike/aerospike-client-go/generics.go:875.3,877.17 3 0
github.com/aerospike/aerospike-client-go/generics.go:871.17,873.4 1 0
github.com/aerospike/aerospike-client-go/generics.go:877.17,879.4 1 0
github.com/aerospike/aerospike-client-go/generics.go:885.34,887.2 1 0
github.com/aerospike/aerospike-client-go/generics.go:892.59,894.23 2 0
github.com/aerospike/aerospike-client-go/generics.go:907.2,907.18 1 0
github.com/aerospike/aerospike-client-go/generics.go:894.23,897.17 3 0
github.com/aerospike/aerospike-client-go/generics.go:901.3,903.17 3 0
github.com/aerospike/aerospike-client-go/generics.go:897.17,899.4 1 0
github.com/aerospike/aerospike-client-go/generics.go:903.17,905.4 1 0
github.com/aerospike/aerospike-client-go/generics.go:911.34,913.2 1 0
github.com/aerospike/aerospike-client-go/generics.go:918.59,920.23 2 0
github.com/aerospike/aerospike-client-go/generics.go:933.2,933.18 1 0
github.com/aerospike/aerospike-client-go/generics.go:920.23,923.17 3 0
github.com/aerospike/aerospike-client-go/generics.go:927.3,929.17 3 0
github.com/aerospike/aerospike-client-go/generics.go:923.17,925.4 1 0
github.com/aerospike/aerospike-client-go/generics.go:929.17,931.4 1 0
github.com/aerospike/aerospike-client-go/generics.go:937.34,939.2 1 0
github.com/aerospike/aerospike-client-go/generics.go:944.60,946.23 2 0
github.com/aerospike/aerospike-client-go/generics.go:959.2,959.18 1 0
github.com/aerospike/aerospike-client-go/generics.go:946.23,949.17 3 0
github.com/aerospike/aerospike-client-go/generics.go:953.3,955.17 3 0
github.com/aerospike/aerospike-client-go/generics.go:949.17,951.4 1 0
github.com/aerospike/aerospike-client-go/generics.go:955.17,957.4 1 0
github.com/aerospike/aerospike-client-go/generics.go:963.35,965.2 1 0
github.com/aerospike/aerospike-client-go/generics.go:970.60,972.23 2 0
github.com/aerospike/aerospike-client-go/generics.go:985.2,985.18 1 0
github.com/aerospike/aerospike-client-go/generics.go:972.23,975.17 3 0
github.com/aerospike/aerospike-client-go/generics.go:979.3,981.17 3 0
github.com/aerospike/aerospike-client-go/generics.go:975.17,977.4 1 0
github.com/aerospike/aerospike-client-go/generics.go:981.17,983.4 1 0
github.com/aerospike/aerospike-client-go/generics.go:989.35,991.2 1 0
github.com/aerospike/aerospike-client-go/generics.go:996.61,998.23 2 0
github.com/aerospike/aerospike-client-go/generics.go:1011.2,1011.18 1 0
github.com/aerospike/aerospike-client-go/generics.go:998.23,1001.17 3 0
github.com/aerospike/aerospike-client-go/generics.go:1005.3,1007.17 3 0
github.com/aerospike/aerospike-client-go/generics.go:1001.17,1003.4 1 0
github.com/aerospike/aerospike-client-go/generics.go:1007.17,1009.4 1 0
github.com/aerospike/aerospike-client-go/generics.go:1015.36,1017.2 1 0
github.com/aerospike/aerospike-client-go/generics.go:1022.61,1024.23 2 0
github.com/aerospike/aerospike-client-go/generics.go:1037.2,1037.18 1 0
github.com/aerospike/aerospike-client-go/generics.go:1024.23,1027.17 3 0
github.com/aerospike/aerospike-client-go/generics.go:1031.3,1033.17 3 0
github.com/aerospike/aerospike-client-go/generics.go:1027.17,1029.4 1 0
github.com/aerospike/aerospike-client-go/generics.go:1033.17,1035.4 1 0
github.com/aerospike/aerospike-client-go/generics.go:1041.36,1043.2 1 0
github.com/aerospike/aerospike-client-go/generics.go:1048.63,1050.23 2 0
github.com/aerospike/aerospike-client-go/generics.go:1063.2,1063.18 1 0
github.com/aerospike/aerospike-client-go/generics.go:1050.23,1053.17 3 0
github.com/aerospike/aerospike-client-go/generics.go:1057.3,1059.17 3 0
github.com/aerospike/aerospike-client-go/generics.go:1053.17,1055.4 1 0
github.com/aerospike/aerospike-client-go/generics.go:1059.17,1061.4 1 0
github.com/aerospike/aerospike-client-go/generics.go:1067.38,1069.2 1 0
github.com/aerospike/aerospike-client-go/generics.go:1074.61,1076.23 2 0
github.com/aerospike/aerospike-client-go/generics.go:1089.2,1089.18 1 0
github.com/aerospike/aerospike-client-go/generics.go:1076.23,1079.17 3 0
github.com/aerospike/aerospike-client-go/generics.go:1083.3,1085.17 3 0
github.com/aerospike/aerospike-client-go/generics.go:1079.17,1081.4 1 0
github.com/aerospike/aerospike-client-go/generics.go:1085.17,1087.4 1 0
github.com/aerospike/aerospike-client-go/generics.go:1093.36,1095.2 1 0
github.com/aerospike/aerospike-client-go/generics.go:1100.58,1102.23 2 0
github.com/aerospike/aerospike-client-go/generics.go:1115.2,1115.18 1 0
github.com/aerospike/aerospike-client-go/generics.go:1102.23,1105.17 3 0
github.com/aerospike/aerospike-client-go/generics.go:1109.3,1111.17 3 0
github.com/aerospike/aerospike-client-go/generics.go:1105.17,1107.4 1 0
github.com/aerospike/aerospike-client-go/generics.go:1111.17,1113.4 1 0
github.com/aerospike/aerospike-client-go/generics.go:1119.33,1121.2 1 0
github.com/aerospike/aerospike-client-go/generics.go:1126.59,1128.23 2 0
github.com/aerospike/aerospike-client-go/generics.go:1141.2,1141.18 1 0
github.com/aerospike/aerospike-client-go/generics.go:1128.23,1131.17 3 0
github.com/aerospike/aerospike-client-go/generics.go:1135.3,1137.17 3 0
github.com/aerospike/aerospike-client-go/generics.go:1131.17,1133.4 1 0
github.com/aerospike/aerospike-client-go/generics.go:1137.17,1139.4 1 0
github.com/aerospike/aerospike-client-go/generics.go:1145.34,1147.2 1 0
github.com/aerospike/aerospike-client-go/generics.go:1152.60,1154.23 2 0
github.com/aerospike/aerospike-client-go/generics.go:1167.2,1167.18 1 0
github.com/aerospike/aerospike-client-go/generics.go:1154.23,1157.17 3 0
github.com/aerospike/aerospike-client-go/generics.go:1161.3,1163.17 3 0
github.com/aerospike/aerospike-client-go/generics.go:1157.17,1159.4 1 0
github.com/aerospike/aerospike-client-go/generics.go:1163.17,1165.4 1 0
github.com/aerospike/aerospike-client-go/generics.go:1171.35,1173.2 1 0
github.com/aerospike/aerospike-client-go/generics.go:1178.60,1180.23 2 0
github.com/aerospike/aerospike-client-go/generics.go:1193.2,1193.18 1 0
github.com/aerospike/aerospike-client-go/generics.go:1180.23,1183.17 3 0
github.com/aerospike/aerospike-client-go/generics.go:1187.3,1189.17 3 0
github.com/aerospike/aerospike-client-go/generics.go:1183.17,1185.4 1 0
github.com/aerospike/aerospike-client-go/generics.go:1189.17,1191.4 1 0
github.com/aerospike/aerospike-client-go/generics.go:1197.35,1199.2 1 0
github.com/aerospike/aerospike-client-go/generics.go:1204.60,1206.23 2 0
github.com/aerospike/aerospike-client-go/generics.go:1219.2,1219.18 1 0
github.com/aerospike/aerospike-client-go/generics.go:1206.23,1209.17 3 0
github.com/aerospike/aerospike-client-go/generics.go:1213.3,1215.17 3 0
github.com/aerospike/aerospike-client-go/generics.go:1209.17,1211.4 1 0
github.com/aerospike/aerospike-client-go/generics.go:1215.17,1217.4 1 0
github.com/aerospike/aerospike-client-go/generics.go:1223.35,1225.2 1 0
github.com/aerospike/aerospike-client-go/generics.go:1230.61,1232.23 2 0
github.com/aerospike/aerospike-client-go/generics.go:1245.2,1245.18 1 0
github.com/aerospike/aerospike-client-go/generics.go:1232.23,1235.17 3 0
github.com/aerospike/aerospike-client-go/generics.go:1239.3,1241.17 3 0
github.com/aerospike/aerospike-client-go/generics.go:1235.17,1237.4 1 0
github.com/aerospike/aerospike-client-go/generics.go:1241.17,1243.4 1 0
github.com/aerospike/aerospike-client-go/generics.go:1249.36,1251.2 1 0
github.com/aerospike/aerospike-client-go/generics.go:1256.61,1258.23 2 0
github.com/aerospike/aerospike-client-go/generics.go:1271.2,1271.18 1 0
github.com/aerospike/aerospike-client-go/generics.go:1258.23,1261.17 3 0
github.com/aerospike/aerospike-client-go/generics.go:1265.3,1267.17 3 0
github.com/aerospike/aerospike-client-go/generics.go:1261.17,1263.4 1 0
github.com/aerospike/aerospike-client-go/generics.go:1267.17,1269.4 1 0
github.com/aerospike/aerospike-client-go/generics.go:1275.36,1277.2 1 0
github.com/aerospike/aerospike-client-go/generics.go:1282.62,1284.23 2 0
github.com/aerospike/aerospike-client-go/generics.go:1297.2,1297.18 1 0
github.com/aerospike/aerospike-client-go/generics.go:1284.23,1287.17 3 0
github.com/aerospike/aerospike-client-go/generics.go:1291.3,1293.17 3 0
github.com/aerospike/aerospike-client-go/generics.go:1287.17,1289.4 1 0
github.com/aerospike/aerospike-client-go/generics.go:1293.17,1295.4 1 0
github.com/aerospike/aerospike-client-go/generics.go:1301.37,1303.2 1 0
github.com/aerospike/aerospike-client-go/generics.go:1308.62,1310.23 2 0
github.com/aerospike/aerospike-client-go/generics.go:1323.2,1323.18 1 0
github.com/aerospike/aerospike-client-go/generics.go:1310.23,1313.17 3 0
github.com/aerospike/aerospike-client-go/generics.go:1317.3,1319.17 3 0
github.com/aerospike/aerospike-client-go/generics.go:1313.17,1315.4 1 0
github.com/aerospike/aerospike-client-go/generics.go:1319.17,1321.4 1 0
github.com/aerospike/aerospike-client-go/generics.go:1327.37,1329.2 1 0
github.com/aerospike/aerospike-client-go/generics.go:1334.64,1336.23 2 0
github.com/aerospike/aerospike-client-go/generics.go:1349.2,1349.18 1 0
github.com/aerospike/aerospike-client-go/generics.go:1336.23,1339.17 3 0
github.com/aerospike/aerospike-client-go/generics.go:1343.3,1345.17 3 0
github.com/aerospike/aerospike-client-go/generics.go:1339.17,1341.4 1 0
github.com/aerospike/aerospike-client-go/generics.go:1345.17,1347.4 1 0
github.com/aerospike/aerospike-client-go/generics.go:1353.39,1355.2 1 0
github.com/aerospike/aerospike-client-go/generics.go:1360.61,1362.23 2 6
github.com/aerospike/aerospike-client-go/generics.go:1375.2,1375.18 1 6
github.com/aerospike/aerospike-client-go/generics.go:1362.23,1365.17 3 18
github.com/aerospike/aerospike-client-go/generics.go:1369.3,1371.17 3 18
github.com/aerospike/aerospike-client-go/generics.go:1365.17,1367.4 1 0
github.com/aerospike/aerospike-client-go/generics.go:1371.17,1373.4 1 0
github.com/aerospike/aerospike-client-go/generics.go:1379.36,1381.2 1 6
github.com/aerospike/aerospike-client-go/generics.go:1386.58,1388.23 2 0
github.com/aerospike/aerospike-client-go/generics.go:1401.2,1401.18 1 0
github.com/aerospike/aerospike-client-go/generics.go:1388.23,1391.17 3 0
github.com/aerospike/aerospike-client-go/generics.go:1395.3,1397.17 3 0
github.com/aerospike/aerospike-client-go/generics.go:1391.17,1393.4 1 0
github.com/aerospike/aerospike-client-go/generics.go:1397.17,1399.4 1 0
github.com/aerospike/aerospike-client-go/generics.go:1405.33,1407.2 1 0
github.com/aerospike/aerospike-client-go/generics.go:1412.59,1414.23 2 0
github.com/aerospike/aerospike-client-go/generics.go:1427.2,1427.18 1 0
github.com/aerospike/aerospike-client-go/generics.go:1414.23,1417.17 3 0
github.com/aerospike/aerospike-client-go/generics.go:1421.3,1423.17 3 0
github.com/aerospike/aerospike-client-go/generics.go:1417.17,1419.4 1 0
github.com/aerospike/aerospike-client-go/generics.go:1423.17,1425.4 1 0
github.com/aerospike/aerospike-client-go/generics.go:1431.34,1433.2 1 0
github.com/aerospike/aerospike-client-go/generics.go:1438.60,1440.23 2 0
github.com/aerospike/aerospike-client-go/generics.go:1453.2,1453.18 1 0
github.com/aerospike/aerospike-client-go/generics.go:1440.23,1443.17 3 0
github.com/aerospike/aerospike-client-go/generics.go:1447.3,1449.17 3 0
github.com/aerospike/aerospike-client-go/generics.go:1443.17,1445.4 1 0
github.com/aerospike/aerospike-client-go/generics.go:1449.17,1451.4 1 0
github.com/aerospike/aerospike-client-go/generics.go:1457.35,1459.2 1 0
github.com/aerospike/aerospike-client-go/generics.go:1464.60,1466.23 2 0
github.com/aerospike/aerospike-client-go/generics.go:1479.2,1479.18 1 0
github.com/aerospike/aerospike-client-go/generics.go:1466.23,1469.17 3 0
github.com/aerospike/aerospike-client-go/generics.go:1473.3,1475.17 3 0
github.com/aerospike/aerospike-client-go/generics.go:1469.17,1471.4 1 0
github.com/aerospike/aerospike-client-go/generics.go:1475.17,1477.4 1 0
github.com/aerospike/aerospike-client-go/generics.go:1483.35,1485.2 1 0
github.com/aerospike/aerospike-client-go/generics.go:1490.60,1492.23 2 0
github.com/aerospike/aerospike-client-go/generics.go:1505.2,1505.18 1 0
github.com/aerospike/aerospike-client-go/generics.go:1492.23,1495.17 3 0
github.com/aerospike/aerospike-client-go/generics.go:1499.3,1501.17 3 0
github.com/aerospike/aerospike-client-go/generics.go:1495.17,1497.4 1 0
github.com/aerospike/aerospike-client-go/generics.go:1501.17,1503.4 1 0
github.com/aerospike/aerospike-client-go/generics.go:1509.35,1511.2 1 0
github.com/aerospike/aerospike-client-go/generics.go:1516.61,1518.23 2 0
github.com/aerospike/aerospike-client-go/generics.go:1531.2,1531.18 1 0
github.com/aerospike/aerospike-client-go/generics.go:1518.23,1521.17 3 0
github.com/aerospike/aerospike-client-go/generics.go:1525.3,1527.17 3 0
github.com/aerospike/aerospike-client-go/generics.go:1521.17,1523.4 1 0
github.com/aerospike/aerospike-client-go/generics.go:1527.17,1529.4 1 0
github.com/aerospike/aerospike-client-go/generics.go:1535.36,1537.2 1 0
github.com/aerospike/aerospike-client-go/generics.go:1542.61,1544.23 2 0
github.com/aerospike/aerospike-client-go/generics.go:1557.2,1557.18 1 0
github.com/aerospike/aerospike-client-go/generics.go:1544.23,1547.17 3 0
github.com/aerospike/aerospike-client-go/generics.go:1551.3,1553.17 3 0
github.com/aerospike/aerospike-client-go/generics.go:1547.17,1549.4 1 0
github.com/aerospike/aerospike-client-go/generics.go:1553.17,1555.4 1 0
github.com/aerospike/aerospike-client-go/generics.go:1561.36,1563.2 1 0
github.com/aerospike/aerospike-client-go/generics.go:1568.62,1570.23 2 0
github.com/aerospike/aerospike-client-go/generics.go:1583.2,1583.18 1 0
github.com/aerospike/aerospike-client-go/generics.go:1570.23,1573.17 3 0
github.com/aerospike/aerospike-client-go/generics.go:1577.3,1579.17 3 0
github.com/aerospike/aerospike-client-go/generics.go:1573.17,1575.4 1 0
github.com/aerospike/aerospike-client-go/generics.go:1579.17,1581.4 1 0
github.com/aerospike/aerospike-client-go/generics.go:1587.37,1589.2 1 0
github.com/aerospike/aerospike-client-go/generics.go:1594.62,1596.23 2 0
github.com/aerospike/aerospike-client-go/generics.go:1609.2,1609.18 1 0
github.com/aerospike/aerospike-client-go/generics.go:1596.23,1599.17 3 0
github.com/aerospike/aerospike-client-go/generics.go:1603.3,1605.17 3 0
github.com/aerospike/aerospike-client-go/generics.go:1599.17,1601.4 1 0
github.com/aerospike/aerospike-client-go/generics.go:1605.17,1607.4 1 0
github.com/aerospike/aerospike-client-go/generics.go:1613.37,1615.2 1 0
github.com/aerospike/aerospike-client-go/generics.go:1620.64,1622.23 2 0
github.com/aerospike/aerospike-client-go/generics.go:1635.2,1635.18 1 0
github.com/aerospike/aerospike-client-go/generics.go:1622.23,1625.17 3 0
github.com/aerospike/aerospike-client-go/generics.go:1629.3,1631.17 3 0
github.com/aerospike/aerospike-client-go/generics.go:1625.17,1627.4 1 0
github.com/aerospike/aerospike-client-go/generics.go:1631.17,1633.4 1 0
github.com/aerospike/aerospike-client-go/generics.go:1639.39,1641.2 1 0
github.com/aerospike/aerospike-client-go/generics.go:1646.61,1648.23 2 0
github.com/aerospike/aerospike-client-go/generics.go:1661.2,1661.18 1 0
github.com/aerospike/aerospike-client-go/generics.go:1648.23,1651.17 3 0
github.com/aerospike/aerospike-client-go/generics.go:1655.3,1657.17 3 0
github.com/aerospike/aerospike-client-go/generics.go:1651.17,1653.4 1 0
github.com/aerospike/aerospike-client-go/generics.go:1657.17,1659.4 1 0
github.com/aerospike/aerospike-client-go/generics.go:1665.36,1667.2 1 0
github.com/aerospike/aerospike-client-go/generics.go:1672.58,1674.23 2 0
github.com/aerospike/aerospike-client-go/generics.go:1687.2,1687.18 1 0
github.com/aerospike/aerospike-client-go/generics.go:1674.23,1677.17 3 0
github.com/aerospike/aerospike-client-go/generics.go:1681.3,1683.17 3 0
github.com/aerospike/aerospike-client-go/generics.go:1677.17,1679.4 1 0
github.com/aerospike/aerospike-client-go/generics.go:1683.17,1685.4 1 0
github.com/aerospike/aerospike-client-go/generics.go:1691.33,1693.2 1 0
github.com/aerospike/aerospike-client-go/generics.go:1698.59,1700.23 2 0
github.com/aerospike/aerospike-client-go/generics.go:1713.2,1713.18 1 0
github.com/aerospike/aerospike-client-go/generics.go:1700.23,1703.17 3 0
github.com/aerospike/aerospike-client-go/generics.go:1707.3,1709.17 3 0
github.com/aerospike/aerospike-client-go/generics.go:1703.17,1705.4 1 0
github.com/aerospike/aerospike-client-go/generics.go:1709.17,1711.4 1 0
github.com/aerospike/aerospike-client-go/generics.go:1717.34,1719.2 1 0
github.com/aerospike/aerospike-client-go/generics.go:1724.60,1726.23 2 0
github.com/aerospike/aerospike-client-go/generics.go:1739.2,1739.18 1 0
github.com/aerospike/aerospike-client-go/generics.go:1726.23,1729.17 3 0
github.com/aerospike/aerospike-client-go/generics.go:1733.3,1735.17 3 0
github.com/aerospike/aerospike-client-go/generics.go:1729.17,1731.4 1 0
github.com/aerospike/aerospike-client-go/generics.go:1735.17,1737.4 1 0
github.com/aerospike/aerospike-client-go/generics.go:1743.35,1745.2 1 0
github.com/aerospike/aerospike-client-go/generics.go:1750.60,1752.23 2 0
github.com/aerospike/aerospike-client-go/generics.go:1765.2,1765.18 1 0
github.com/aerospike/aerospike-client-go/generics.go:1752.23,1755.17 3 0
github.com/aerospike/aerospike-client-go/generics.go:1759.3,1761.17 3 0
github.com/aerospike/aerospike-client-go/generics.go:1755.17,1757.4 1 0
github.com/aerospike/aerospike-client-go/generics.go:1761.17,1763.4 1 0
github.com/aerospike/aerospike-client-go/generics.go:1769.35,1771.2 1 0
github.com/aerospike/aerospike-client-go/generics.go:1776.60,1778.23 2 0
github.com/aerospike/aerospike-client-go/generics.go:1791.2,1791.18 1 0
github.com/aerospike/aerospike-client-go/generics.go:1778.23,1781.17 3 0
github.com/aerospike/aerospike-client-go/generics.go:1785.3,1787.17 3 0
github.com/aerospike/aerospike-client-go/generics.go:1781.17,1783.4 1 0
github.com/aerospike/aerospike-client-go/generics.go:1787.17,1789.4 1 0
github.com/aerospike/aerospike-client-go/generics.go:1795.35,1797.2 1 0
github.com/aerospike/aerospike-client-go/generics.go:1802.61,1804.23 2 0
github.com/aerospike/aerospike-client-go/generics.go:1817.2,1817.18 1 0
github.com/aerospike/aerospike-client-go/generics.go:1804.23,1807.17 3 0
github.com/aerospike/aerospike-client-go/generics.go:1811.3,1813.17 3 0
github.com/aerospike/aerospike-client-go/generics.go:1807.17,1809.4 1 0
github.com/aerospike/aerospike-client-go/generics.go:1813.17,1815.4 1 0
github.com/aerospike/aerospike-client-go/generics.go:1821.36,1823.2 1 0
github.com/aerospike/aerospike-client-go/generics.go:1828.61,1830.23 2 0
github.com/aerospike/aerospike-client-go/generics.go:1843.2,1843.18 1 0
github.com/aerospike/aerospike-client-go/generics.go:1830.23,1833.17 3 0
github.com/aerospike/aerospike-client-go/generics.go:1837.3,1839.17 3 0
github.com/aerospike/aerospike-client-go/generics.go:1833.17,1835.4 1 0
github.com/aerospike/aerospike-client-go/generics.go:1839.17,1841.4 1 0
github.com/aerospike/aerospike-client-go/generics.go:1847.36,1849.2 1 0
github.com/aerospike/aerospike-client-go/generics.go:1854.62,1856.23 2 0
github.com/aerospike/aerospike-client-go/generics.go:1869.2,1869.18 1 0
github.com/aerospike/aerospike-client-go/generics.go:1856.23,1859.17 3 0
github.com/aerospike/aerospike-client-go/generics.go:1863.3,1865.17 3 0
github.com/aerospike/aerospike-client-go/generics.go:1859.17,1861.4 1 0
github.com/aerospike/aerospike-client-go/generics.go:1865.17,1867.4 1 0
github.com/aerospike/aerospike-client-go/generics.go:1873.37,1875.2 1 0
github.com/aerospike/aerospike-client-go/generics.go:1880.62,1882.23 2 0
github.com/aerospike/aerospike-client-go/generics.go:1895.2,1895.18 1 0
github.com/aerospike/aerospike-client-go/generics.go:1882.23,1885.17 3 0
github.com/aerospike/aerospike-client-go/generics.go:1889.3,1891.17 3 0
github.com/aerospike/aerospike-client-go/generics.go:1885.17,1887.4 1 0
github.com/aerospike/aerospike-client-go/generics.go:1891.17,1893.4 1 0
github.com/aerospike/aerospike-client-go/generics.go:1899.37,1901.2 1 0
github.com/aerospike/aerospike-client-go/generics.go:1906.64,1908.23 2 0
github.com/aerospike/aerospike-client-go/generics.go:1921.2,1921.18 1 0
github.com/aerospike/aerospike-client-go/generics.go:1908.23,1911.17 3 0
github.com/aerospike/aerospike-client-go/generics.go:1915.3,1917.17 3 0
github.com/aerospike/aerospike-client-go/generics.go:1911.17,1913.4 1 0
github.com/aerospike/aerospike-client-go/generics.go:1917.17,1919.4 1 0
github.com/aerospike/aerospike-client-go/generics.go:1925.39,1927.2 1 0
github.com/aerospike/aerospike-client-go/generics.go:1932.62,1934.23 2 0
github.com/aerospike/aerospike-client-go/generics.go:1947.2,1947.18 1 0
github.com/aerospike/aerospike-client-go/generics.go:1934.23,1937.17 3 0
github.com/aerospike/aerospike-client-go/generics.go:1941.3,1943.17 3 0
github.com/aerospike/aerospike-client-go/generics.go:1937.17,1939.4 1 0
github.com/aerospike/aerospike-client-go/generics.go:1943.17,1945.4 1 0
github.com/aerospike/aerospike-client-go/generics.go:1951.37,1953.2 1 0
github.com/aerospike/aerospike-client-go/generics.go:1958.59,1960.23 2 0
github.com/aerospike/aerospike-client-go/generics.go:1973.2,1973.18 1 0
github.com/aerospike/aerospike-client-go/generics.go:1960.23,1963.17 3 0
github.com/aerospike/aerospike-client-go/generics.go:1967.3,1969.17 3 0
github.com/aerospike/aerospike-client-go/generics.go:1963.17,1965.4 1 0
github.com/aerospike/aerospike-client-go/generics.go:1969.17,1971.4 1 0
github.com/aerospike/aerospike-client-go/generics.go:1977.34,1979.2 1 0
github.com/aerospike/aerospike-client-go/generics.go:1984.60,1986.23 2 0
github.com/aerospike/aerospike-client-go/generics.go:1999.2,1999.18 1 0
github.com/aerospike/aerospike-client-go/generics.go:1986.23,1989.17 3 0
github.com/aerospike/aerospike-client-go/generics.go:1993.3,1995.17 3 0
github.com/aerospike/aerospike-client-go/generics.go:1989.17,1991.4 1 0
github.com/aerospike/aerospike-client-go/generics.go:1995.17,1997.4 1 0
github.com/aerospike/aerospike-client-go/generics.go:2003.35,2005.2 1 0
github.com/aerospike/aerospike-client-go/generics.go:2010.61,2012.23 2 0
github.com/aerospike/aerospike-client-go/generics.go:2025.2,2025.18 1 0
github.com/aerospike/aerospike-client-go/generics.go:2012.23,2015.17 3 0
github.com/aerospike/aerospike-client-go/generics.go:2019.3,2021.17 3 0
github.com/aerospike/aerospike-client-go/generics.go:2015.17,2017.4 1 0
github.com/aerospike/aerospike-client-go/generics.go:2021.17,2023.4 1 0
github.com/aerospike/aerospike-client-go/generics.go:2029.36,2031.2 1 0
github.com/aerospike/aerospike-client-go/generics.go:2036.61,2038.23 2 0
github.com/aerospike/aerospike-client-go/generics.go:2051.2,2051.18 1 0
github.com/aerospike/aerospike-client-go/generics.go:2038.23,2041.17 3 0
github.com/aerospike/aerospike-client-go/generics.go:2045.3,2047.17 3 0
github.com/aerospike/aerospike-client-go/generics.go:2041.17,2043.4 1 0
github.com/aerospike/aerospike-client-go/generics.go:2047.17,2049.4 1 0
github.com/aerospike/aerospike-client-go/generics.go:2055.36,2057.2 1 0
github.com/aerospike/aerospike-client-go/generics.go:2062.61,2064.23 2 0
github.com/aerospike/aerospike-client-go/generics.go:2077.2,2077.18 1 0
github.com/aerospike/aerospike-client-go/generics.go:2064.23,2067.17 3 0
github.com/aerospike/aerospike-client-go/generics.go:2071.3,2073.17 3 0
github.com/aerospike/aerospike-client-go/generics.go:2067.17,2069.4 1 0
github.com/aerospike/aerospike-client-go/generics.go:2073.17,2075.4 1 0
github.com/aerospike/aerospike-client-go/generics.go:2081.36,2083.2 1 0
github.com/aerospike/aerospike-client-go/generics.go:2088.62,2090.23 2 0
github.com/aerospike/aerospike-client-go/generics.go:2103.2,2103.18 1 0
github.com/aerospike/aerospike-client-go/generics.go:2090.23,2093.17 3 0
github.com/aerospike/aerospike-client-go/generics.go:2097.3,2099.17 3 0
github.com/aerospike/aerospike-client-go/generics.go:2093.17,2095.4 1 0
github.com/aerospike/aerospike-client-go/generics.go:2099.17,2101.4 1 0
github.com/aerospike/aerospike-client-go/generics.go:2107.37,2109.2 1 0
github.com/aerospike/aerospike-client-go/generics.go:2114.62,2116.23 2 0
github.com/aerospike/aerospike-client-go/generics.go:2129.2,2129.18 1 0
github.com/aerospike/aerospike-client-go/generics.go:2116.23,2119.17 3 0
github.com/aerospike/aerospike-client-go/generics.go:2123.3,2125.17 3 0
github.com/aerospike/aerospike-client-go/generics.go:2119.17,2121.4 1 0
github.com/aerospike/aerospike-client-go/generics.go:2125.17,2127.4 1 0
github.com/aerospike/aerospike-client-go/generics.go:2133.37,2135.2 1 0
github.com/aerospike/aerospike-client-go/generics.go:2140.63,2142.23 2 0
github.com/aerospike/aerospike-client-go/generics.go:2155.2,2155.18 1 0
github.com/aerospike/aerospike-client-go/generics.go:2142.23,2145.17 3 0
github.com/aerospike/aerospike-client-go/generics.go:2149.3,2151.17 3 0
github.com/aerospike/aerospike-client-go/generics.go:2145.17,2147.4 1 0
github.com/aerospike/aerospike-client-go/generics.go:2151.17,2153.4 1 0
github.com/aerospike/aerospike-client-go/generics.go:2159.38,2161.2 1 0
github.com/aerospike/aerospike-client-go/generics.go:2166.63,2168.23 2 0
github.com/aerospike/aerospike-client-go/generics.go:2181.2,2181.18 1 0
github.com/aerospike/aerospike-client-go/generics.go:2168.23,2171.17 3 0
github.com/aerospike/aerospike-client-go/generics.go:2175.3,2177.17 3 0
github.com/aerospike/aerospike-client-go/generics.go:2171.17,2173.4 1 0
github.com/aerospike/aerospike-client-go/generics.go:2177.17,2179.4 1 0
github.com/aerospike/aerospike-client-go/generics.go:2185.38,2187.2 1 0
github.com/aerospike/aerospike-client-go/generics.go:2192.65,2194.23 2 0
github.com/aerospike/aerospike-client-go/generics.go:2207.2,2207.18 1 0
github.com/aerospike/aerospike-client-go/generics.go:2194.23,2197.17 3 0
github.com/aerospike/aerospike-client-go/generics.go:2201.3,2203.17 3 0
github.com/aerospike/aerospike-client-go/generics.go:2197.17,2199.4 1 0
github.com/aerospike/aerospike-client-go/generics.go:2203.17,2205.4 1 0
github.com/aerospike/aerospike-client-go/generics.go:2211.40,2213.2 1 0
github.com/aerospike/aerospike-client-go/generics.go:2218.62,2220.23 2 0
github.com/aerospike/aerospike-client-go/generics.go:2233.2,2233.18 1 0
github.com/aerospike/aerospike-client-go/generics.go:2220.23,2223.17 3 0
github.com/aerospike/aerospike-client-go/generics.go:2227.3,2229.17 3 0
github.com/aerospike/aerospike-client-go/generics.go:2223.17,2225.4 1 0
github.com/aerospike/aerospike-client-go/generics.go:2229.17,2231.4 1 0
github.com/aerospike/aerospike-client-go/generics.go:2237.37,2239.2 1 0
github.com/aerospike/aerospike-client-go/generics.go:2244.59,2246.23 2 0
github.com/aerospike/aerospike-client-go/generics.go:2259.2,2259.18 1 0
github.com/aerospike/aerospike-client-go/generics.go:2246.23,2249.17 3 0
github.com/aerospike/aerospike-client-go/generics.go:2253.3,2255.17 3 0
github.com/aerospike/aerospike-client-go/generics.go:2249.17,2251.4 1 0
github.com/aerospike/aerospike-client-go/generics.go:2255.17,2257.4 1 0
github.com/aerospike/aerospike-client-go/generics.go:2263.34,2265.2 1 0
github.com/aerospike/aerospike-client-go/generics.go:2270.60,2272.23 2 0
github.com/aerospike/aerospike-client-go/generics.go:2285.2,2285.18 1 0
github.com/aerospike/aerospike-client-go/generics.go:2272.23,2275.17 3 0
github.com/aerospike/aerospike-client-go/generics.go:2279.3,2281.17 3 0
github.com/aerospike/aerospike-client-go/generics.go:2275.17,2277.4 1 0
github.com/aerospike/aerospike-client-go/generics.go:2281.17,2283.4 1 0
github.com/aerospike/aerospike-client-go/generics.go:2289.35,2291.2 1 0
github.com/aerospike/aerospike-client-go/generics.go:2296.61,2298.23 2 0
github.com/aerospike/aerospike-client-go/generics.go:2311.2,2311.18 1 0
github.com/aerospike/aerospike-client-go/generics.go:2298.23,2301.17 3 0
github.com/aerospike/aerospike-client-go/generics.go:2305.3,2307.17 3 0
github.com/aerospike/aerospike-client-go/generics.go:2301.17,2303.4 1 0
github.com/aerospike/aerospike-client-go/generics.go:2307.17,2309.4 1 0
github.com/aerospike/aerospike-client-go/generics.go:2315.36,2317.2 1 0
github.com/aerospike/aerospike-client-go/generics.go:2322.61,2324.23 2 0
github.com/aerospike/aerospike-client-go/generics.go:2337.2,2337.18 1 0
github.com/aerospike/aerospike-client-go/generics.go:2324.23,2327.17 3 0
github.com/aerospike/aerospike-client-go/generics.go:2331.3,2333.17 3 0
github.com/aerospike/aerospike-client-go/generics.go:2327.17,2329.4 1 0
github.com/aerospike/aerospike-client-go/generics.go:2333.17,2335.4 1 0
github.com/aerospike/aerospike-client-go/generics.go:2341.36,2343.2 1 0
github.com/aerospike/aerospike-client-go/generics.go:2348.61,2350.23 2 0
github.com/aerospike/aerospike-client-go/generics.go:2363.2,2363.18 1 0
github.com/aerospike/aerospike-client-go/generics.go:2350.23,2353.17 3 0
github.com/aerospike/aerospike-client-go/generics.go:2357.3,2359.17 3 0
github.com/aerospike/aerospike-client-go/generics.go:2353.17,2355.4 1 0
github.com/aerospike/aerospike-client-go/generics.go:2359.17,2361.4 1 0
github.com/aerospike/aerospike-client-go/generics.go:2367.36,2369.2 1 0
github.com/aerospike/aerospike-client-go/generics.go:2374.62,2376.23 2 0
github.com/aerospike/aerospike-client-go/generics.go:2389.2,2389.18 1 0
github.com/aerospike/aerospike-client-go/generics.go:2376.23,2379.17 3 0
github.com/aerospike/aerospike-client-go/generics.go:2383.3,2385.17 3 0
github.com/aerospike/aerospike-client-go/generics.go:2379.17,2381.4 1 0
github.com/aerospike/aerospike-client-go/generics.go:2385.17,2387.4 1 0
github.com/aerospike/aerospike-client-go/generics.go:2393.37,2395.2 1 0
github.com/aerospike/aerospike-client-go/generics.go:2400.62,2402.23 2 0
github.com/aerospike/aerospike-client-go/generics.go:2415.2,2415.18 1 0
github.com/aerospike/aerospike-client-go/generics.go:2402.23,2405.17 3 0
github.com/aerospike/aerospike-client-go/generics.go:2409.3,2411.17 3 0
github.com/aerospike/aerospike-client-go/generics.go:2405.17,2407.4 1 0
github.com/aerospike/aerospike-client-go/generics.go:2411.17,2413.4 1 0
github.com/aerospike/aerospike-client-go/generics.go:2419.37,2421.2 1 0
github.com/aerospike/aerospike-client-go/generics.go:2426.63,2428.23 2 0
github.com/aerospike/aerospike-client-go/generics.go:2441.2,2441.18 1 0
github.com/aerospike/aerospike-client-go/generics.go:2428.23,2431.17 3 0
github.com/aerospike/aerospike-client-go/generics.go:2435.3,2437.17 3 0
github.com/aerospike/aerospike-client-go/generics.go:2431.17,2433.4 1 0
github.com/aerospike/aerospike-client-go/generics.go:2437.17,2439.4 1 0
github.com/aerospike/aerospike-client-go/generics.go:2445.38,2447.2 1 0
github.com/aerospike/aerospike-client-go/generics.go:2452.63,2454.23 2 0
github.com/aerospike/aerospike-client-go/generics.go:2467.2,2467.18 1 0
github.com/aerospike/aerospike-client-go/generics.go:2454.23,2457.17 3 0
github.com/aerospike/aerospike-client-go/generics.go:2461.3,2463.17 3 0
github.com/aerospike/aerospike-client-go/generics.go:2457.17,2459.4 1 0
github.com/aerospike/aerospike-client-go/generics.go:2463.17,2465.4 1 0
github.com/aerospike/aerospike-client-go/generics.go:2471.38,2473.2 1 0
github.com/aerospike/aerospike-client-go/generics.go:2478.65,2480.23 2 0
github.com/aerospike/aerospike-client-go/generics.go:2493.2,2493.18 1 0
github.com/aerospike/aerospike-client-go/generics.go:2480.23,2483.17 3 0
github.com/aerospike/aerospike-client-go/generics.go:2487.3,2489.17 3 0
github.com/aerospike/aerospike-client-go/generics.go:2483.17,2485.4 1 0
github.com/aerospike/aerospike-client-go/generics.go:2489.17,2491.4 1 0
github.com/aerospike/aerospike-client-go/generics.go:2497.40,2499.2 1 0
github.com/aerospike/aerospike-client-go/generics.go:2504.63,2506.23 2 0
github.com/aerospike/aerospike-client-go/generics.go:2519.2,2519.18 1 0
github.com/aerospike/aerospike-client-go/generics.go:2506.23,2509.17 3 0
github.com/aerospike/aerospike-client-go/generics.go:2513.3,2515.17 3 0
github.com/aerospike/aerospike-client-go/generics.go:2509.17,2511.4 1 0
github.com/aerospike/aerospike-client-go/generics.go:2515.17,2517.4 1 0
github.com/aerospike/aerospike-client-go/generics.go:2523.38,2525.2 1 0
github.com/aerospike/aerospike-client-go/generics.go:2530.60,2532.23 2 0
github.com/aerospike/aerospike-client-go/generics.go:2545.2,2545.18 1 0
github.com/aerospike/aerospike-client-go/generics.go:2532.23,2535.17 3 0
github.com/aerospike/aerospike-client-go/generics.go:2539.3,2541.17 3 0
github.com/aerospike/aerospike-client-go/generics.go:2535.17,2537.4 1 0
github.com/aerospike/aerospike-client-go/generics.go:2541.17,2543.4 1 0
github.com/aerospike/aerospike-client-go/generics.go:2549.35,2551.2 1 0
github.com/aerospike/aerospike-client-go/generics.go:2556.61,2558.23 2 0
github.com/aerospike/aerospike-client-go/generics.go:2571.2,2571.18 1 0
github.com/aerospike/aerospike-client-go/generics.go:2558.23,2561.17 3 0
github.com/aerospike/aerospike-client-go/generics.go:2565.3,2567.17 3 0
github.com/aerospike/aerospike-client-go/generics.go:2561.17,2563.4 1 0
github.com/aerospike/aerospike-client-go/generics.go:2567.17,2569.4 1 0
github.com/aerospike/aerospike-client-go/generics.go:2575.36,2577.2 1 0
github.com/aerospike/aerospike-client-go/generics.go:2582.62,2584.23 2 0
github.com/aerospike/aerospike-client-go/generics.go:2597.2,2597.18 1 0
github.com/aerospike/aerospike-client-go/generics.go:2584.23,2587.17 3 0
github.com/aerospike/aerospike-client-go/generics.go:2591.3,2593.17 3 0
github.com/aerospike/aerospike-client-go/generics.go:2587.17,2589.4 1 0
github.com/aerospike/aerospike-client-go/generics.go:2593.17,2595.4 1 0
github.com/aerospike/aerospike-client-go/generics.go:2601.37,2603.2 1 0
github.com/aerospike/aerospike-client-go/generics.go:2608.62,2610.23 2 0
github.com/aerospike/aerospike-client-go/generics.go:2623.2,2623.18 1 0
github.com/aerospike/aerospike-client-go/generics.go:2610.23,2613.17 3 0
github.com/aerospike/aerospike-client-go/generics.go:2617.3,2619.17 3 0
github.com/aerospike/aerospike-client-go/generics.go:2613.17,2615.4 1 0
github.com/aerospike/aerospike-client-go/generics.go:2619.17,2621.4 1 0
github.com/aerospike/aerospike-client-go/generics.go:2627.37,2629.2 1 0
github.com/aerospike/aerospike-client-go/generics.go:2634.62,2636.23 2 0
github.com/aerospike/aerospike-client-go/generics.go:2649.2,2649.18 1 0
github.com/aerospike/aerospike-client-go/generics.go:2636.23,2639.17 3 0
github.com/aerospike/aerospike-client-go/generics.go:2643.3,2645.17 3 0
github.com/aerospike/aerospike-client-go/generics.go:2639.17,2641.4 1 0
github.com/aerospike/aerospike-client-go/generics.go:2645.17,2647.4 1 0
github.com/aerospike/aerospike-client-go/generics.go:2653.37,2655.2 1 0
github.com/aerospike/aerospike-client-go/generics.go:2660.63,2662.23 2 0
github.com/aerospike/aerospike-client-go/generics.go:2675.2,2675.18 1 0
github.com/aerospike/aerospike-client-go/generics.go:2662.23,2665.17 3 0
github.com/aerospike/aerospike-client-go/generics.go:2669.3,2671.17 3 0
github.com/aerospike/aerospike-client-go/generics.go:2665.17,2667.4 1 0
github.com/aerospike/aerospike-client-go/generics.go:2671.17,2673.4 1 0
github.com/aerospike/aerospike-client-go/generics.go:2679.38,2681.2 1 0
github.com/aerospike/aerospike-client-go/generics.go:2686.63,2688.23 2 0
github.com/aerospike/aerospike-client-go/generics.go:2701.2,2701.18 1 0
github.com/aerospike/aerospike-client-go/generics.go:2688.23,2691.17 3 0
github.com/aerospike/aerospike-client-go/generics.go:2695.3,2697.17 3 0
github.com/aerospike/aerospike-client-go/generics.go:2691.17,2693.4 1 0
github.com/aerospike/aerospike-client-go/generics.go:2697.17,2699.4 1 0
github.com/aerospike/aerospike-client-go/generics.go:2705.38,2707.2 1 0
github.com/aerospike/aerospike-client-go/generics.go:2712.64,2714.23 2 0
github.com/aerospike/aerospike-client-go/generics.go:2727.2,2727.18 1 0
github.com/aerospike/aerospike-client-go/generics.go:2714.23,2717.17 3 0
github.com/aerospike/aerospike-client-go/generics.go:2721.3,2723.17 3 0
github.com/aerospike/aerospike-client-go/generics.go:2717.17,2719.4 1 0
github.com/aerospike/aerospike-client-go/generics.go:2723.17,2725.4 1 0
github.com/aerospike/aerospike-client-go/generics.go:2731.39,2733.2 1 0
github.com/aerospike/aerospike-client-go/generics.go:2738.64,2740.23 2 0
github.com/aerospike/aerospike-client-go/generics.go:2753.2,2753.18 1 0
github.com/aerospike/aerospike-client-go/generics.go:2740.23,2743.17 3 0
github.com/aerospike/aerospike-client-go/generics.go:2747.3,2749.17 3 0
github.com/aerospike/aerospike-client-go/generics.go:2743.17,2745.4 1 0
github.com/aerospike/aerospike-client-go/generics.go:2749.17,2751.4 1 0
github.com/aerospike/aerospike-client-go/generics.go:2757.39,2759.2 1 0
github.com/aerospike/aerospike-client-go/generics.go:2764.66,2766.23 2 0
github.com/aerospike/aerospike-client-go/generics.go:2779.2,2779.18 1 0
github.com/aerospike/aerospike-client-go/generics.go:2766.23,2769.17 3 0
github.com/aerospike/aerospike-client-go/generics.go:2773.3,2775.17 3 0
github.com/aerospike/aerospike-client-go/generics.go:2769.17,2771.4 1 0
github.com/aerospike/aerospike-client-go/generics.go:2775.17,2777.4 1 0
github.com/aerospike/aerospike-client-go/generics.go:2783.41,2785.2 1 0
github.com/aerospike/aerospike-client-go/generics.go:2790.63,2792.23 2 0
github.com/aerospike/aerospike-client-go/generics.go:2805.2,2805.18 1 0
github.com/aerospike/aerospike-client-go/generics.go:2792.23,2795.17 3 0
github.com/aerospike/aerospike-client-go/generics.go:2799.3,2801.17 3 0
github.com/aerospike/aerospike-client-go/generics.go:2795.17,2797.4 1 0
github.com/aerospike/aerospike-client-go/generics.go:2801.17,2803.4 1 0
github.com/aerospike/aerospike-client-go/generics.go:2809.38,2811.2 1 0
github.com/aerospike/aerospike-client-go/generics.go:2816.60,2818.23 2 0
github.com/aerospike/aerospike-client-go/generics.go:2831.2,2831.18 1 0
github.com/aerospike/aerospike-client-go/generics.go:2818.23,2821.17 3 0
github.com/aerospike/aerospike-client-go/generics.go:2825.3,2827.17 3 0
github.com/aerospike/aerospike-client-go/generics.go:2821.17,2823.4 1 0
github.com/aerospike/aerospike-client-go/generics.go:2827.17,2829.4 1 0
github.com/aerospike/aerospike-client-go/generics.go:2835.35,2837.2 1 0
github.com/aerospike/aerospike-client-go/generics.go:2842.61,2844.23 2 0
github.com/aerospike/aerospike-client-go/generics.go:2857.2,2857.18 1 0
github.com/aerospike/aerospike-client-go/generics.go:2844.23,2847.17 3 0
github.com/aerospike/aerospike-client-go/generics.go:2851.3,2853.17 3 0
github.com/aerospike/aerospike-client-go/generics.go:2847.17,2849.4 1 0
github.com/aerospike/aerospike-client-go/generics.go:2853.17,2855.4 1 0
github.com/aerospike/aerospike-client-go/generics.go:2861.36,2863.2 1 0
github.com/aerospike/aerospike-client-go/generics.go:2868.62,2870.23 2 0
github.com/aerospike/aerospike-client-go/generics.go:2883.2,2883.18 1 0
github.com/aerospike/aerospike-client-go/generics.go:2870.23,2873.17 3 0
github.com/aerospike/aerospike-client-go/generics.go:2877.3,2879.17 3 0
github.com/aerospike/aerospike-client-go/generics.go:2873.17,2875.4 1 0
github.com/aerospike/aerospike-client-go/generics.go:2879.17,2881.4 1 0
github.com/aerospike/aerospike-client-go/generics.go:2887.37,2889.2 1 0
github.com/aerospike/aerospike-client-go/generics.go:2894.62,2896.23 2 0
github.com/aerospike/aerospike-client-go/generics.go:2909.2,2909.18 1 0
github.com/aerospike/aerospike-client-go/generics.go:2896.23,2899.17 3 0
github.com/aerospike/aerospike-client-go/generics.go:2903.3,2905.17 3 0
github.com/aerospike/aerospike-client-go/generics.go:2899.17,2901.4 1 0
github.com/aerospike/aerospike-client-go/generics.go:2905.17,2907.4 1 0
github.com/aerospike/aerospike-client-go/generics.go:2913.37,2915.2 1 0
github.com/aerospike/aerospike-client-go/generics.go:2920.62,2922.23 2 0
github.com/aerospike/aerospike-client-go/generics.go:2935.2,2935.18 1 0
github.com/aerospike/aerospike-client-go/generics.go:2922.23,2925.17 3 0
github.com/aerospike/aerospike-client-go/generics.go:2929.3,2931.17 3 0
github.com/aerospike/aerospike-client-go/generics.go:2925.17,2927.4 1 0
github.com/aerospike/aerospike-client-go/generics.go:2931.17,2933.4 1 0
github.com/aerospike/aerospike-client-go/generics.go:2939.37,2941.2 1 0
github.com/aerospike/aerospike-client-go/generics.go:2946.63,2948.23 2 0
github.com/aerospike/aerospike-client-go/generics.go:2961.2,2961.18 1 0
github.com/aerospike/aerospike-client-go/generics.go:2948.23,2951.17 3 0
github.com/aerospike/aerospike-client-go/generics.go:2955.3,2957.17 3 0
github.com/aerospike/aerospike-client-go/generics.go:2951.17,2953.4 1 0
github.com/aerospike/aerospike-client-go/generics.go:2957.17,2959.4 1 0
github.com/aerospike/aerospike-client-go/generics.go:2965.38,2967.2 1 0
github.com/aerospike/aerospike-client-go/generics.go:2972.63,2974.23 2 0
github.com/aerospike/aerospike-client-go/generics.go:2987.2,2987.18 1 0
github.com/aerospike/aerospike-client-go/generics.go:2974.23,2977.17 3 0
github.com/aerospike/aerospike-client-go/generics.go:2981.3,2983.17 3 0
github.com/aerospike/aerospike-client-go/generics.go:2977.17,2979.4 1 0
github.com/aerospike/aerospike-client-go/generics.go:2983.17,2985.4 1 0
github.com/aerospike/aerospike-client-go/generics.go:2991.38,2993.2 1 0
github.com/aerospike/aerospike-client-go/generics.go:2998.64,3000.23 2 0
github.com/aerospike/aerospike-client-go/generics.go:3013.2,3013.18 1 0
github.com/aerospike/aerospike-client-go/generics.go:3000.23,3003.17 3 0
github.com/aerospike/aerospike-client-go/generics.go:3007.3,3009.17 3 0
github.com/aerospike/aerospike-client-go/generics.go:3003.17,3005.4 1 0
github.com/aerospike/aerospike-client-go/generics.go:3009.17,3011.4 1 0
github.com/aerospike/aerospike-client-go/generics.go:3017.39,3019.2 1 0
github.com/aerospike/aerospike-client-go/generics.go:3024.64,3026.23 2 0
github.com/aerospike/aerospike-client-go/generics.go:3039.2,3039.18 1 0
github.com/aerospike/aerospike-client-go/generics.go:3026.23,3029.17 3 0
github.com/aerospike/aerospike-client-go/generics.go:3033.3,3035.17 3 0
github.com/aerospike/aerospike-client-go/generics.go:3029.17,3031.4 1 0
github.com/aerospike/aerospike-client-go/generics.go:3035.17,3037.4 1 0
github.com/aerospike/aerospike-client-go/generics.go:3043.39,3045.2 1 0
github.com/aerospike/aerospike-client-go/generics.go:3050.66,3052.23 2 0
github.com/aerospike/aerospike-client-go/generics.go:3065.2,3065.18 1 0
github.com/aerospike/aerospike-client-go/generics.go:3052.23,3055.17 3 0
github.com/aerospike/aerospike-client-go/generics.go:3059.3,3061.17 3 0
github.com/aerospike/aerospike-client-go/generics.go:3055.17,3057.4 1 0
github.com/aerospike/aerospike-client-go/generics.go:3061.17,3063.4 1 0
github.com/aerospike/aerospike-client-go/generics.go:3069.41,3071.2 1 0
github.com/aerospike/aerospike-client-go/generics.go:3076.62,3078.23 2 0
github.com/aerospike/aerospike-client-go/generics.go:3091.2,3091.18 1 0
github.com/aerospike/aerospike-client-go/generics.go:3078.23,3081.17 3 0
github.com/aerospike/aerospike-client-go/generics.go:3085.3,3087.17 3 0
github.com/aerospike/aerospike-client-go/generics.go:3081.17,3083.4 1 0
github.com/aerospike/aerospike-client-go/generics.go:3087.17,3089.4 1 0
github.com/aerospike/aerospike-client-go/generics.go:3095.37,3097.2 1 0
github.com/aerospike/aerospike-client-go/generics.go:3102.59,3104.23 2 0
github.com/aerospike/aerospike-client-go/generics.go:3117.2,3117.18 1 0
github.com/aerospike/aerospike-client-go/generics.go:3104.23,3107.17 3 0
github.com/aerospike/aerospike-client-go/generics.go:3111.3,3113.17 3 0
github.com/aerospike/aerospike-client-go/generics.go:3107.17,3109.4 1 0
github.com/aerospike/aerospike-client-go/generics.go:3113.17,3115.4 1 0
github.com/aerospike/aerospike-client-go/generics.go:3121.34,3123.2 1 0
github.com/aerospike/aerospike-client-go/generics.go:3128.60,3130.23 2 0
github.com/aerospike/aerospike-client-go/generics.go:3143.2,3143.18 1 0
github.com/aerospike/aerospike-client-go/generics.go:3130.23,3133.17 3 0
github.com/aerospike/aerospike-client-go/generics.go:3137.3,3139.17 3 0
github.com/aerospike/aerospike-client-go/generics.go:3133.17,3135.4 1 0
github.com/aerospike/aerospike-client-go/generics.go:3139.17,3141.4 1 0
github.com/aerospike/aerospike-client-go/generics.go:3147.35,3149.2 1 0
github.com/aerospike/aerospike-client-go/generics.go:3154.61,3156.23 2 0
github.com/aerospike/aerospike-client-go/generics.go:3169.2,3169.18 1 0
github.com/aerospike/aerospike-client-go/generics.go:3156.23,3159.17 3 0
github.com/aerospike/aerospike-client-go/generics.go:3163.3,3165.17 3 0
github.com/aerospike/aerospike-client-go/generics.go:3159.17,3161.4 1 0
github.com/aerospike/aerospike-client-go/generics.go:3165.17,3167.4 1 0
github.com/aerospike/aerospike-client-go/generics.go:3173.36,3175.2 1 0
github.com/aerospike/aerospike-client-go/generics.go:3180.61,3182.23 2 0
github.com/aerospike/aerospike-client-go/generics.go:3195.2,3195.18 1 0
github.com/aerospike/aerospike-client-go/generics.go:3182.23,3185.17 3 0
github.com/aerospike/aerospike-client-go/generics.go:3189.3,3191.17 3 0
[...]
github.com/aerospike/aerospike-client-go/value.go:80.35,81.26 1 619
github.com/aerospike/aerospike-client-go/value.go:82.11,83.19 1 416
github.com/aerospike/aerospike-client-go/value.go:84.15,85.28 1 0
github.com/aerospike/aerospike-client-go/value.go:86.14,87.25 1 38111
github.com/aerospike/aerospike-client-go/value.go:88.12,89.32 1 209
github.com/aerospike/aerospike-client-go/value.go:90.13,91.32 1 209
github.com/aerospike/aerospike-client-go/value.go:92.13,93.32 1 206
github.com/aerospike/aerospike-client-go/value.go:94.13,95.32 1 411
github.com/aerospike/aerospike-client-go/value.go:96.14,97.32 1 207
github.com/aerospike/aerospike-client-go/value.go:98.14,99.32 1 204
github.com/aerospike/aerospike-client-go/value.go:100.15,101.34 1 1
github.com/aerospike/aerospike-client-go/value.go:102.15,103.25 1 823
github.com/aerospike/aerospike-client-go/value.go:104.12,106.22 1 1
github.com/aerospike/aerospike-client-go/value.go:109.15,110.29 1 1
github.com/aerospike/aerospike-client-go/value.go:111.16,112.29 1 3
github.com/aerospike/aerospike-client-go/value.go:113.21,114.27 1 2
github.com/aerospike/aerospike-client-go/value.go:122.16,123.42 1 1
github.com/aerospike/aerospike-client-go/value.go:124.13,125.39 1 38010
github.com/aerospike/aerospike-client-go/value.go:126.14,127.40 1 1
github.com/aerospike/aerospike-client-go/value.go:128.15,129.41 1 1
github.com/aerospike/aerospike-client-go/value.go:130.15,131.41 1 1
github.com/aerospike/aerospike-client-go/value.go:132.15,133.41 1 1
github.com/aerospike/aerospike-client-go/value.go:134.16,135.42 1 1
github.com/aerospike/aerospike-client-go/value.go:136.16,137.42 1 1
github.com/aerospike/aerospike-client-go/value.go:138.16,139.42 1 0
github.com/aerospike/aerospike-client-go/value.go:140.17,141.43 1 0
github.com/aerospike/aerospike-client-go/value.go:142.17,143.43 1 0
github.com/aerospike/aerospike-client-go/value.go:144.25,145.46 1 0
github.com/aerospike/aerospike-client-go/value.go:146.22,147.43 1 0
github.com/aerospike/aerospike-client-go/value.go:148.23,149.44 1 0
github.com/aerospike/aerospike-client-go/value.go:150.24,151.45 1 0
github.com/aerospike/aerospike-client-go/value.go:152.24,153.45 1 0
github.com/aerospike/aerospike-client-go/value.go:154.24,155.45 1 0
github.com/aerospike/aerospike-client-go/value.go:156.25,157.46 1 0
github.com/aerospike/aerospike-client-go/value.go:158.25,159.46 1 0
github.com/aerospike/aerospike-client-go/value.go:160.26,161.47 1 0
github.com/aerospike/aerospike-client-go/value.go:162.26,163.47 1 0
github.com/aerospike/aerospike-client-go/value.go:164.22,165.43 1 38000
github.com/aerospike/aerospike-client-go/value.go:166.19,167.40 1 0
github.com/aerospike/aerospike-client-go/value.go:168.20,169.41 1 0
github.com/aerospike/aerospike-client-go/value.go:170.21,171.42 1 0
github.com/aerospike/aerospike-client-go/value.go:172.21,173.42 1 0
github.com/aerospike/aerospike-client-go/value.go:174.21,175.42 1 0
github.com/aerospike/aerospike-client-go/value.go:176.22,177.43 1 0
github.com/aerospike/aerospike-client-go/value.go:178.22,179.43 1 0
github.com/aerospike/aerospike-client-go/value.go:180.23,181.44 1 0
github.com/aerospike/aerospike-client-go/value.go:182.23,183.44 1 0
github.com/aerospike/aerospike-client-go/value.go:184.27,185.46 1 0
github.com/aerospike/aerospike-client-go/value.go:186.23,187.44 1 0
github.com/aerospike/aerospike-client-go/value.go:188.20,189.41 1 0
github.com/aerospike/aerospike-client-go/value.go:190.21,191.42 1 0
github.com/aerospike/aerospike-client-go/value.go:192.22,193.43 1 0
github.com/aerospike/aerospike-client-go/value.go:194.22,195.43 1 0
github.com/aerospike/aerospike-client-go/value.go:196.22,197.43 1 0
github.com/aerospike/aerospike-client-go/value.go:198.23,199.44 1 0
github.com/aerospike/aerospike-client-go/value.go:200.23,201.44 1 0
github.com/aerospike/aerospike-client-go/value.go:202.24,203.45 1 0
github.com/aerospike/aerospike-client-go/value.go:204.24,205.45 1 0
github.com/aerospike/aerospike-client-go/value.go:206.28,207.47 1 0
github.com/aerospike/aerospike-client-go/value.go:208.24,209.45 1 0
github.com/aerospike/aerospike-client-go/value.go:210.21,211.42 1 0
github.com/aerospike/aerospike-client-go/value.go:212.22,213.43 1 0
github.com/aerospike/aerospike-client-go/value.go:214.23,215.44 1 0
github.com/aerospike/aerospike-client-go/value.go:216.23,217.44 1 0
github.com/aerospike/aerospike-client-go/value.go:218.23,219.44 1 0
github.com/aerospike/aerospike-client-go/value.go:220.24,221.45 1 0
github.com/aerospike/aerospike-client-go/value.go:222.24,223.45 1 0
github.com/aerospike/aerospike-client-go/value.go:224.25,225.46 1 0
github.com/aerospike/aerospike-client-go/value.go:226.25,227.46 1 0
github.com/aerospike/aerospike-client-go/value.go:228.29,229.48 1 0
github.com/aerospike/aerospike-client-go/value.go:230.24,231.45 1 2
github.com/aerospike/aerospike-client-go/value.go:232.21,233.42 1 0
github.com/aerospike/aerospike-client-go/value.go:234.22,235.43 1 0
github.com/aerospike/aerospike-client-go/value.go:236.23,237.44 1 0
github.com/aerospike/aerospike-client-go/value.go:238.23,239.44 1 0
github.com/aerospike/aerospike-client-go/value.go:240.23,241.44 1 0
github.com/aerospike/aerospike-client-go/value.go:242.24,243.45 1 0
github.com/aerospike/aerospike-client-go/value.go:244.24,245.45 1 0
github.com/aerospike/aerospike-client-go/value.go:246.25,247.46 1 0
github.com/aerospike/aerospike-client-go/value.go:248.25,249.46 1 0
github.com/aerospike/aerospike-client-go/value.go:250.29,251.48 1 0
github.com/aerospike/aerospike-client-go/value.go:252.24,253.45 1 0
github.com/aerospike/aerospike-client-go/value.go:254.21,255.42 1 0
github.com/aerospike/aerospike-client-go/value.go:256.22,257.43 1 0
github.com/aerospike/aerospike-client-go/value.go:258.23,259.44 1 0
github.com/aerospike/aerospike-client-go/value.go:260.23,261.44 1 0
github.com/aerospike/aerospike-client-go/value.go:262.23,263.44 1 0
github.com/aerospike/aerospike-client-go/value.go:264.24,265.45 1 0
github.com/aerospike/aerospike-client-go/value.go:266.24,267.45 1 0
github.com/aerospike/aerospike-client-go/value.go:268.25,269.46 1 0
github.com/aerospike/aerospike-client-go/value.go:270.25,271.46 1 0
github.com/aerospike/aerospike-client-go/value.go:272.29,273.48 1 0
github.com/aerospike/aerospike-client-go/value.go:274.25,275.46 1 0
github.com/aerospike/aerospike-client-go/value.go:276.22,277.43 1 0
github.com/aerospike/aerospike-client-go/value.go:278.23,279.44 1 0
github.com/aerospike/aerospike-client-go/value.go:280.24,281.45 1 0
github.com/aerospike/aerospike-client-go/value.go:282.24,283.45 1 0
github.com/aerospike/aerospike-client-go/value.go:284.24,285.45 1 0
github.com/aerospike/aerospike-client-go/value.go:286.25,287.46 1 0
github.com/aerospike/aerospike-client-go/value.go:288.25,289.46 1 0
github.com/aerospike/aerospike-client-go/value.go:290.26,291.47 1 0
github.com/aerospike/aerospike-client-go/value.go:292.26,293.47 1 0
github.com/aerospike/aerospike-client-go/value.go:294.30,295.49 1 0
github.com/aerospike/aerospike-client-go/value.go:296.25,297.46 1 0
github.com/aerospike/aerospike-client-go/value.go:298.22,299.43 1 0
github.com/aerospike/aerospike-client-go/value.go:300.23,301.44 1 0
github.com/aerospike/aerospike-client-go/value.go:302.24,303.45 1 0
github.com/aerospike/aerospike-client-go/value.go:304.24,305.45 1 0
github.com/aerospike/aerospike-client-go/value.go:306.24,307.45 1 0
github.com/aerospike/aerospike-client-go/value.go:308.25,309.46 1 0
github.com/aerospike/aerospike-client-go/value.go:310.25,311.46 1 0
github.com/aerospike/aerospike-client-go/value.go:312.26,313.47 1 0
github.com/aerospike/aerospike-client-go/value.go:314.26,315.47 1 0
github.com/aerospike/aerospike-client-go/value.go:316.30,317.49 1 0
github.com/aerospike/aerospike-client-go/value.go:318.26,319.47 1 0
github.com/aerospike/aerospike-client-go/value.go:320.23,321.44 1 0
github.com/aerospike/aerospike-client-go/value.go:322.24,323.45 1 0
github.com/aerospike/aerospike-client-go/value.go:324.25,325.46 1 0
github.com/aerospike/aerospike-client-go/value.go:326.25,327.46 1 0
github.com/aerospike/aerospike-client-go/value.go:328.25,329.46 1 0
github.com/aerospike/aerospike-client-go/value.go:330.26,331.47 1 0
github.com/aerospike/aerospike-client-go/value.go:332.26,333.47 1 0
github.com/aerospike/aerospike-client-go/value.go:334.27,335.48 1 0
github.com/aerospike/aerospike-client-go/value.go:336.27,337.48 1 0
github.com/aerospike/aerospike-client-go/value.go:338.31,339.50 1 0
github.com/aerospike/aerospike-client-go/value.go:340.26,341.47 1 0
github.com/aerospike/aerospike-client-go/value.go:342.23,343.44 1 0
github.com/aerospike/aerospike-client-go/value.go:344.24,345.45 1 0
github.com/aerospike/aerospike-client-go/value.go:346.25,347.46 1 0
github.com/aerospike/aerospike-client-go/value.go:348.25,349.46 1 0
github.com/aerospike/aerospike-client-go/value.go:350.25,351.46 1 0
github.com/aerospike/aerospike-client-go/value.go:352.26,353.47 1 0
github.com/aerospike/aerospike-client-go/value.go:354.26,355.47 1 0
github.com/aerospike/aerospike-client-go/value.go:356.27,357.48 1 0
github.com/aerospike/aerospike-client-go/value.go:358.27,359.48 1 0
github.com/aerospike/aerospike-client-go/value.go:360.31,361.50 1 0
github.com/aerospike/aerospike-client-go/value.go:362.25,363.46 1 0
github.com/aerospike/aerospike-client-go/value.go:364.22,365.43 1 0
github.com/aerospike/aerospike-client-go/value.go:366.23,367.44 1 0
github.com/aerospike/aerospike-client-go/value.go:368.24,369.45 1 0
github.com/aerospike/aerospike-client-go/value.go:370.24,371.45 1 0
github.com/aerospike/aerospike-client-go/value.go:372.24,373.45 1 0
github.com/aerospike/aerospike-client-go/value.go:374.25,375.46 1 0
github.com/aerospike/aerospike-client-go/value.go:376.25,377.46 1 0
github.com/aerospike/aerospike-client-go/value.go:378.26,379.47 1 0
github.com/aerospike/aerospike-client-go/value.go:380.26,381.47 1 0
github.com/aerospike/aerospike-client-go/value.go:382.25,383.46 1 0
github.com/aerospike/aerospike-client-go/value.go:384.22,385.43 1 0
github.com/aerospike/aerospike-client-go/value.go:386.23,387.44 1 0
github.com/aerospike/aerospike-client-go/value.go:388.24,389.45 1 0
github.com/aerospike/aerospike-client-go/value.go:390.24,391.45 1 0
github.com/aerospike/aerospike-client-go/value.go:392.24,393.45 1 0
github.com/aerospike/aerospike-client-go/value.go:394.25,395.46 1 0
github.com/aerospike/aerospike-client-go/value.go:396.25,397.46 1 0
github.com/aerospike/aerospike-client-go/value.go:398.25,399.46 1 0
github.com/aerospike/aerospike-client-go/value.go:400.26,401.47 1 0
github.com/aerospike/aerospike-client-go/value.go:402.26,403.47 1 0
github.com/aerospike/aerospike-client-go/value.go:404.30,405.49 1 0
github.com/aerospike/aerospike-client-go/value.go:106.22,108.4 1 1
github.com/aerospike/aerospike-client-go/value.go:426.36,427.48 1 408434
github.com/aerospike/aerospike-client-go/value.go:431.2,431.28 1 2244
github.com/aerospike/aerospike-client-go/value.go:438.2,438.247 1 0
github.com/aerospike/aerospike-client-go/value.go:427.48,429.3 1 406190
github.com/aerospike/aerospike-client-go/value.go:431.28,432.44 1 2244
github.com/aerospike/aerospike-client-go/value.go:432.44,434.4 1 2244
github.com/aerospike/aerospike-client-go/value.go:447.31,449.2 1 6132
github.com/aerospike/aerospike-client-go/value.go:451.49,453.2 1 8869
github.com/aerospike/aerospike-client-go/value.go:455.54,457.2 1 4434
github.com/aerospike/aerospike-client-go/value.go:459.53,461.2 1 915
github.com/aerospike/aerospike-client-go/value.go:464.35,466.2 1 8973
github.com/aerospike/aerospike-client-go/value.go:469.45,471.2 1 1
github.com/aerospike/aerospike-client-go/value.go:473.37,475.2 1 0
github.com/aerospike/aerospike-client-go/value.go:483.45,485.2 1 2
github.com/aerospike/aerospike-client-go/value.go:490.52,492.16 2 2
github.com/aerospike/aerospike-client-go/value.go:496.2,496.27 1 2
github.com/aerospike/aerospike-client-go/value.go:492.16,493.13 1 0
github.com/aerospike/aerospike-client-go/value.go:499.50,501.2 1 38230
github.com/aerospike/aerospike-client-go/value.go:503.55,505.2 1 19117
github.com/aerospike/aerospike-client-go/value.go:507.54,509.2 1 0
github.com/aerospike/aerospike-client-go/value.go:512.36,514.2 1 38238
github.com/aerospike/aerospike-client-go/value.go:517.46,519.2 1 3
github.com/aerospike/aerospike-client-go/value.go:522.38,524.2 1 0
github.com/aerospike/aerospike-client-go/value.go:532.47,534.2 1 28766
github.com/aerospike/aerospike-client-go/value.go:536.51,538.2 1 159818
github.com/aerospike/aerospike-client-go/value.go:540.56,542.2 1 79908
github.com/aerospike/aerospike-client-go/value.go:544.55,546.2 1 18456
github.com/aerospike/aerospike-client-go/value.go:549.37,551.2 1 196840
github.com/aerospike/aerospike-client-go/value.go:554.47,556.2 1 25166
github.com/aerospike/aerospike-client-go/value.go:559.39,561.2 1 0
github.com/aerospike/aerospike-client-go/value.go:569.46,571.2 1 12
github.com/aerospike/aerospike-client-go/value.go:573.52,575.2 1 181814
github.com/aerospike/aerospike-client-go/value.go:577.57,579.2 1 90901
github.com/aerospike/aerospike-client-go/value.go:581.56,583.2 1 66103
github.com/aerospike/aerospike-client-go/value.go:586.38,588.2 1 204889
github.com/aerospike/aerospike-client-go/value.go:591.48,593.2 1 14276
github.com/aerospike/aerospike-client-go/value.go:596.40,598.2 1 0
github.com/aerospike/aerospike-client-go/value.go:606.42,608.2 1 9078
github.com/aerospike/aerospike-client-go/value.go:610.49,612.2 1 6574
github.com/aerospike/aerospike-client-go/value.go:614.54,616.2 1 3286
github.com/aerospike/aerospike-client-go/value.go:618.53,620.2 1 0
github.com/aerospike/aerospike-client-go/value.go:623.35,625.2 1 6546
github.com/aerospike/aerospike-client-go/value.go:628.45,630.2 1 4
github.com/aerospike/aerospike-client-go/value.go:633.37,635.2 1 0
github.com/aerospike/aerospike-client-go/value.go:643.46,645.2 1 2
github.com/aerospike/aerospike-client-go/value.go:647.50,649.2 1 1646
github.com/aerospike/aerospike-client-go/value.go:651.55,653.2 1 822
github.com/aerospike/aerospike-client-go/value.go:655.54,657.2 1 0
github.com/aerospike/aerospike-client-go/value.go:660.36,662.2 1 1646
github.com/aerospike/aerospike-client-go/value.go:665.46,667.2 1 8
github.com/aerospike/aerospike-client-go/value.go:670.38,672.2 1 0
github.com/aerospike/aerospike-client-go/value.go:682.48,685.23 2 2204
github.com/aerospike/aerospike-client-go/value.go:688.2,688.12 1 2204
github.com/aerospike/aerospike-client-go/value.go:685.23,687.3 1 20208
github.com/aerospike/aerospike-client-go/value.go:693.52,695.2 1 2202
github.com/aerospike/aerospike-client-go/value.go:698.47,702.2 2 8371
github.com/aerospike/aerospike-client-go/value.go:704.50,706.2 1 12338
github.com/aerospike/aerospike-client-go/value.go:708.55,710.2 1 0
github.com/aerospike/aerospike-client-go/value.go:712.54,714.2 1 12775
github.com/aerospike/aerospike-client-go/value.go:717.36,719.2 1 44
github.com/aerospike/aerospike-client-go/value.go:722.46,724.2 1 0
github.com/aerospike/aerospike-client-go/value.go:727.38,729.2 1 0
github.com/aerospike/aerospike-client-go/value.go:738.49,740.2 1 0
github.com/aerospike/aerospike-client-go/value.go:742.49,744.2 1 21108
github.com/aerospike/aerospike-client-go/value.go:746.54,748.2 1 10554
github.com/aerospike/aerospike-client-go/value.go:750.53,752.2 1 82
github.com/aerospike/aerospike-client-go/value.go:755.35,757.2 1 21496
github.com/aerospike/aerospike-client-go/value.go:760.45,762.2 1 43
github.com/aerospike/aerospike-client-go/value.go:765.37,767.2 1 0
github.com/aerospike/aerospike-client-go/value.go:778.49,784.2 2 38020
github.com/aerospike/aerospike-client-go/value.go:786.52,788.2 1 38020
github.com/aerospike/aerospike-client-go/value.go:790.57,792.2 1 19010
github.com/aerospike/aerospike-client-go/value.go:794.56,796.2 1 10
github.com/aerospike/aerospike-client-go/value.go:799.38,801.2 1 38021
github.com/aerospike/aerospike-client-go/value.go:804.48,806.2 1 14
github.com/aerospike/aerospike-client-go/value.go:809.40,811.2 1 0
github.com/aerospike/aerospike-client-go/value.go:820.61,822.2 1 620
github.com/aerospike/aerospike-client-go/value.go:824.48,826.2 1 19232
github.com/aerospike/aerospike-client-go/value.go:828.53,830.2 1 9616
github.com/aerospike/aerospike-client-go/value.go:832.52,834.2 1 36
github.com/aerospike/aerospike-client-go/value.go:837.34,839.2 1 19232
github.com/aerospike/aerospike-client-go/value.go:842.44,844.2 1 4
github.com/aerospike/aerospike-client-go/value.go:846.36,848.2 1 0
github.com/aerospike/aerospike-client-go/value.go:857.58,859.2 1 0
github.com/aerospike/aerospike-client-go/value.go:861.49,863.2 1 820
github.com/aerospike/aerospike-client-go/value.go:865.54,867.2 1 410
github.com/aerospike/aerospike-client-go/value.go:869.53,871.2 1 9486
github.com/aerospike/aerospike-client-go/value.go:874.35,876.2 1 820
github.com/aerospike/aerospike-client-go/value.go:879.45,881.2 1 0
github.com/aerospike/aerospike-client-go/value.go:883.37,885.2 1 0
github.com/aerospike/aerospike-client-go/value.go:896.48,902.2 2 38003
github.com/aerospike/aerospike-client-go/value.go:904.52,906.2 1 38006
github.com/aerospike/aerospike-client-go/value.go:908.57,910.2 1 19003
github.com/aerospike/aerospike-client-go/value.go:912.56,914.2 1 0
github.com/aerospike/aerospike-client-go/value.go:917.38,919.2 1 38006
github.com/aerospike/aerospike-client-go/value.go:922.48,924.2 1 2
github.com/aerospike/aerospike-client-go/value.go:926.40,928.2 1 0
github.com/aerospike/aerospike-client-go/value.go:937.49,940.2 2 38090
github.com/aerospike/aerospike-client-go/value.go:942.52,945.2 1 76082
github.com/aerospike/aerospike-client-go/value.go:947.57,953.2 4 38041
github.com/aerospike/aerospike-client-go/value.go:955.56,957.2 1 36
github.com/aerospike/aerospike-client-go/value.go:960.38,962.2 1 76082
github.com/aerospike/aerospike-client-go/value.go:965.48,967.2 1 0
github.com/aerospike/aerospike-client-go/value.go:970.40,972.2 1 0
github.com/aerospike/aerospike-client-go/value.go:976.90,978.15 1 343836
github.com/aerospike/aerospike-client-go/value.go:1012.2,1012.17 1 7017
github.com/aerospike/aerospike-client-go/value.go:979.28,981.24 1 119682
github.com/aerospike/aerospike-client-go/value.go:984.3,984.58 1 0
github.com/aerospike/aerospike-client-go/value.go:986.27,987.50 1 65198
github.com/aerospike/aerospike-client-go/value.go:989.26,990.49 1 1276
github.com/aerospike/aerospike-client-go/value.go:992.24,993.54 1 38449
github.com/aerospike/aerospike-client-go/value.go:995.25,996.55 1 38736
github.com/aerospike/aerospike-client-go/value.go:998.28,1001.61 3 48220
github.com/aerospike/aerospike-client-go/value.go:1003.25,1006.21 3 24258
github.com/aerospike/aerospike-client-go/value.go:1008.24,1009.58 1 1000
github.com/aerospike/aerospike-client-go/value.go:981.24,983.4 1 119682
github.com/aerospike/aerospike-client-go/value.go:1015.81,1017.15 1 33582
github.com/aerospike/aerospike-client-go/value.go:1018.27,1019.63 1 26546
github.com/aerospike/aerospike-client-go/value.go:1021.28,1022.69 1 7036
github.com/aerospike/aerospike-client-go/value.go:1024.26,1025.64 1 0
github.com/aerospike/aerospike-client-go/value.go:1027.25,1030.35 3 0
github.com/aerospike/aerospike-client-go/value.go:1032.10,1033.128 1 0
github.com/aerospike/aerospike-client-go/value.go:1037.45,1038.14 1 2
github.com/aerospike/aerospike-client-go/value.go:1042.2,1042.29 1 2
github.com/aerospike/aerospike-client-go/value.go:1052.2,1052.10 1 2
github.com/aerospike/aerospike-client-go/value.go:1038.14,1040.3 1 0
github.com/aerospike/aerospike-client-go/value.go:1042.29,1044.3 1 0
github.com/aerospike/aerospike-client-go/value.go:1044.3,1044.38 1 2
github.com/aerospike/aerospike-client-go/value.go:1044.38,1046.21 2 0
github.com/aerospike/aerospike-client-go/value.go:1049.3,1049.11 1 0
github.com/aerospike/aerospike-client-go/value.go:1046.21,1048.4 1 0
