mode: atomic
github.com/aerospike/aerospike-client-go/internal/lua/instance.go:10.31,12.2 1 0
github.com/aerospike/aerospike-client-go/internal/lua/instance.go:14.23,16.2 1 0
github.com/aerospike/aerospike-client-go/internal/lua/instance.go:25.53,33.56 6 4
github.com/aerospike/aerospike-client-go/internal/lua/instance.go:38.2,38.56 1 4
github.com/aerospike/aerospike-client-go/internal/lua/instance.go:43.2,43.10 1 4
github.com/aerospike/aerospike-client-go/internal/lua/instance.go:33.56,36.3 2 0
github.com/aerospike/aerospike-client-go/internal/lua/instance.go:38.56,41.3 2 0
github.com/aerospike/aerospike-client-go/internal/lua/instance.go:46.45,47.21 1 0
github.com/aerospike/aerospike-client-go/internal/lua/instance.go:47.21,49.3 1 0
github.com/aerospike/aerospike-client-go/internal/lua/instance.go:52.13,55.2 2 1
github.com/aerospike/aerospike-client-go/internal/lua/lua.go:9.60,11.18 1 18
github.com/aerospike/aerospike-client-go/internal/lua/lua.go:16.2,16.40 1 18
github.com/aerospike/aerospike-client-go/internal/lua/lua.go:20.2,20.27 1 0
github.com/aerospike/aerospike-client-go/internal/lua/lua.go:73.2,73.30 1 0
github.com/aerospike/aerospike-client-go/internal/lua/lua.go:11.18,13.3 1 0
github.com/aerospike/aerospike-client-go/internal/lua/lua.go:16.40,18.3 1 18
github.com/aerospike/aerospike-client-go/internal/lua/lua.go:21.2,22.24 1 0
github.com/aerospike/aerospike-client-go/internal/lua/lua.go:23.2,24.33 1 0
github.com/aerospike/aerospike-client-go/internal/lua/lua.go:25.2,26.33 1 0
github.com/aerospike/aerospike-client-go/internal/lua/lua.go:27.2,28.33 1 0
github.com/aerospike/aerospike-client-go/internal/lua/lua.go:29.2,30.33 1 0
github.com/aerospike/aerospike-client-go/internal/lua/lua.go:31.2,32.33 1 0
github.com/aerospike/aerospike-client-go/internal/lua/lua.go:33.2,34.33 1 0
github.com/aerospike/aerospike-client-go/internal/lua/lua.go:35.2,36.33 1 0
github.com/aerospike/aerospike-client-go/internal/lua/lua.go:37.2,38.33 1 0
github.com/aerospike/aerospike-client-go/internal/lua/lua.go:39.2,40.33 1 0
github.com/aerospike/aerospike-client-go/internal/lua/lua.go:41.2,42.33 1 0
github.com/aerospike/aerospike-client-go/internal/lua/lua.go:43.2,44.33 1 0
github.com/aerospike/aerospike-client-go/internal/lua/lua.go:45.2,46.24 1 0
github.com/aerospike/aerospike-client-go/internal/lua/lua.go:47.2,48.22 1 0
github.com/aerospike/aerospike-client-go/internal/lua/lua.go:49.2,51.25 2 0
github.com/aerospike/aerospike-client-go/internal/lua/lua.go:55.3,59.12 5 0
github.com/aerospike/aerospike-client-go/internal/lua/lua.go:61.2,63.20 2 0
github.com/aerospike/aerospike-client-go/internal/lua/lua.go:66.3,70.12 5 0
github.com/aerospike/aerospike-client-go/internal/lua/lua.go:51.25,53.4 1 0
github.com/aerospike/aerospike-client-go/internal/lua/lua.go:63.20,65.4 1 0
github.com/aerospike/aerospike-client-go/internal/lua/lua.go:76.52,77.20 1 147
github.com/aerospike/aerospike-client-go/internal/lua/lua.go:78.2,79.13 1 0
github.com/aerospike/aerospike-client-go/internal/lua/lua.go:80.2,81.27 1 0
github.com/aerospike/aerospike-client-go/internal/lua/lua.go:82.2,83.38 1 87
github.com/aerospike/aerospike-client-go/internal/lua/lua.go:84.2,85.29 1 15
github.com/aerospike/aerospike-client-go/internal/lua/lua.go:86.2,88.25 2 45
github.com/aerospike/aerospike-client-go/internal/lua/lua.go:105.2,108.35 3 0
github.com/aerospike/aerospike-client-go/internal/lua/lua.go:109.3,109.11 1 0
github.com/aerospike/aerospike-client-go/internal/lua/lua.go:110.2,111.34 1 0
github.com/aerospike/aerospike-client-go/internal/lua/lua.go:89.3,91.26 2 11
github.com/aerospike/aerospike-client-go/internal/lua/lua.go:94.4,94.12 1 11
github.com/aerospike/aerospike-client-go/internal/lua/lua.go:95.3,97.23 2 34
github.com/aerospike/aerospike-client-go/internal/lua/lua.go:100.4,100.12 1 34
github.com/aerospike/aerospike-client-go/internal/lua/lua.go:101.3,102.12 1 0
github.com/aerospike/aerospike-client-go/internal/lua/lua.go:91.26,93.5 1 14
github.com/aerospike/aerospike-client-go/internal/lua/lua.go:97.23,99.5 1 59
github.com/aerospike/aerospike-client-go/internal/lua/lua.go:108.35,108.47 1 0
github.com/aerospike/aerospike-client-go/internal/lua/lua.go:115.37,118.46 3 0
github.com/aerospike/aerospike-client-go/internal/lua/lua.go:123.2,123.10 1 0
github.com/aerospike/aerospike-client-go/internal/lua/lua.go:118.46,120.3 1 0
github.com/aerospike/aerospike-client-go/internal/lua/lua.go:120.3,122.3 1 0
github.com/aerospike/aerospike-client-go/internal/lua/lua_aerospike.go:15.46,24.2 4 4
github.com/aerospike/aerospike-client-go/internal/lua/lua_aerospike.go:26.41,27.38 1 8
github.com/aerospike/aerospike-client-go/internal/lua/lua_aerospike.go:33.2,34.21 2 8
github.com/aerospike/aerospike-client-go/internal/lua/lua_aerospike.go:38.2,41.15 3 8
github.com/aerospike/aerospike-client-go/internal/lua/lua_aerospike.go:50.2,50.10 1 8
github.com/aerospike/aerospike-client-go/internal/lua/lua_aerospike.go:27.38,30.3 2 0
github.com/aerospike/aerospike-client-go/internal/lua/lua_aerospike.go:34.21,36.3 1 4
github.com/aerospike/aerospike-client-go/internal/lua/lua_aerospike.go:42.2,43.26 1 2
github.com/aerospike/aerospike-client-go/internal/lua/lua_aerospike.go:44.2,45.26 1 2
github.com/aerospike/aerospike-client-go/internal/lua/lua_aerospike.go:46.2,47.27 1 4
github.com/aerospike/aerospike-client-go/internal/lua/lua_list.go:16.41,56.2 21 4
github.com/aerospike/aerospike-client-go/internal/lua/lua_list.go:59.39,60.21 1 6
github.com/aerospike/aerospike-client-go/internal/lua/lua_list.go:78.2,79.10 2 0
github.com/aerospike/aerospike-client-go/internal/lua/lua_list.go:60.21,67.3 6 3
github.com/aerospike/aerospike-client-go/internal/lua/lua_list.go:67.3,67.47 1 3
github.com/aerospike/aerospike-client-go/internal/lua/lua_list.go:67.47,77.3 8 3
github.com/aerospike/aerospike-client-go/internal/lua/lua_list.go:83.36,84.21 1 40
github.com/aerospike/aerospike-client-go/internal/lua/lua_list.go:105.2,106.10 2 0
github.com/aerospike/aerospike-client-go/internal/lua/lua_list.go:84.21,91.3 6 3
github.com/aerospike/aerospike-client-go/internal/lua/lua_list.go:91.3,91.28 1 37
github.com/aerospike/aerospike-client-go/internal/lua/lua_list.go:91.28,94.33 3 37
github.com/aerospike/aerospike-client-go/internal/lua/lua_list.go:98.3,103.11 6 37
github.com/aerospike/aerospike-client-go/internal/lua/lua_list.go:94.33,96.4 1 80
github.com/aerospike/aerospike-client-go/internal/lua/lua_list.go:110.52,112.38 2 44
github.com/aerospike/aerospike-client-go/internal/lua/lua_list.go:115.2,116.12 2 0
github.com/aerospike/aerospike-client-go/internal/lua/lua_list.go:112.38,114.3 1 44
github.com/aerospike/aerospike-client-go/internal/lua/lua_list.go:120.39,122.21 2 5
github.com/aerospike/aerospike-client-go/internal/lua/lua_list.go:126.2,128.36 2 5
github.com/aerospike/aerospike-client-go/internal/lua/lua_list.go:133.2,133.38 1 4
github.com/aerospike/aerospike-client-go/internal/lua/lua_list.go:136.2,138.10 2 4
github.com/aerospike/aerospike-client-go/internal/lua/lua_list.go:122.21,125.3 2 0
github.com/aerospike/aerospike-client-go/internal/lua/lua_list.go:128.36,131.3 2 1
github.com/aerospike/aerospike-client-go/internal/lua/lua_list.go:133.38,135.3 1 2
github.com/aerospike/aerospike-client-go/internal/lua/lua_list.go:142.39,144.21 2 3
github.com/aerospike/aerospike-client-go/internal/lua/lua_list.go:148.2,151.25 3 3
github.com/aerospike/aerospike-client-go/internal/lua/lua_list.go:169.2,169.10 1 3
github.com/aerospike/aerospike-client-go/internal/lua/lua_list.go:144.21,147.3 2 0
github.com/aerospike/aerospike-client-go/internal/lua/lua_list.go:151.25,152.38 1 0
github.com/aerospike/aerospike-client-go/internal/lua/lua_list.go:155.3,155.23 1 0
github.com/aerospike/aerospike-client-go/internal/lua/lua_list.go:152.38,154.4 1 0
github.com/aerospike/aerospike-client-go/internal/lua/lua_list.go:156.3,158.15 2 3
github.com/aerospike/aerospike-client-go/internal/lua/lua_list.go:161.3,166.16 5 3
github.com/aerospike/aerospike-client-go/internal/lua/lua_list.go:158.15,160.4 1 0
github.com/aerospike/aerospike-client-go/internal/lua/lua_list.go:173.39,175.21 2 3
github.com/aerospike/aerospike-client-go/internal/lua/lua_list.go:179.2,182.10 3 3
github.com/aerospike/aerospike-client-go/internal/lua/lua_list.go:175.21,178.3 2 0
github.com/aerospike/aerospike-client-go/internal/lua/lua_list.go:186.40,188.21 2 3
github.com/aerospike/aerospike-client-go/internal/lua/lua_list.go:192.2,194.25 2 3
github.com/aerospike/aerospike-client-go/internal/lua/lua_list.go:212.2,212.10 1 3
github.com/aerospike/aerospike-client-go/internal/lua/lua_list.go:188.21,191.3 2 0
github.com/aerospike/aerospike-client-go/internal/lua/lua_list.go:194.25,196.37 2 1
github.com/aerospike/aerospike-client-go/internal/lua/lua_list.go:199.3,199.17 1 1
github.com/aerospike/aerospike-client-go/internal/lua/lua_list.go:196.37,198.4 1 3
github.com/aerospike/aerospike-client-go/internal/lua/lua_list.go:200.3,202.15 2 2
github.com/aerospike/aerospike-client-go/internal/lua/lua_list.go:205.3,209.16 4 2
github.com/aerospike/aerospike-client-go/internal/lua/lua_list.go:202.15,204.4 1 0
github.com/aerospike/aerospike-client-go/internal/lua/lua_list.go:216.37,218.21 2 5
github.com/aerospike/aerospike-client-go/internal/lua/lua_list.go:223.2,225.23 3 5
github.com/aerospike/aerospike-client-go/internal/lua/lua_list.go:229.2,234.10 6 5
github.com/aerospike/aerospike-client-go/internal/lua/lua_list.go:218.21,221.3 2 0
github.com/aerospike/aerospike-client-go/internal/lua/lua_list.go:225.23,227.3 1 4
github.com/aerospike/aerospike-client-go/internal/lua/lua_list.go:238.37,240.21 2 6
github.com/aerospike/aerospike-client-go/internal/lua/lua_list.go:245.2,247.22 3 6
github.com/aerospike/aerospike-client-go/internal/lua/lua_list.go:253.2,258.10 6 6
github.com/aerospike/aerospike-client-go/internal/lua/lua_list.go:240.21,243.3 2 0
github.com/aerospike/aerospike-client-go/internal/lua/lua_list.go:247.22,249.3 1 4
github.com/aerospike/aerospike-client-go/internal/lua/lua_list.go:249.3,251.3 1 2
github.com/aerospike/aerospike-client-go/internal/lua/lua_list.go:262.37,264.21 2 2
github.com/aerospike/aerospike-client-go/internal/lua/lua_list.go:269.2,272.10 3 2
github.com/aerospike/aerospike-client-go/internal/lua/lua_list.go:264.21,267.3 2 0
github.com/aerospike/aerospike-client-go/internal/lua/lua_list.go:276.39,278.21 2 2
github.com/aerospike/aerospike-client-go/internal/lua/lua_list.go:283.2,285.25 2 2
github.com/aerospike/aerospike-client-go/internal/lua/lua_list.go:289.2,289.10 1 2
github.com/aerospike/aerospike-client-go/internal/lua/lua_list.go:278.21,281.3 2 0
github.com/aerospike/aerospike-client-go/internal/lua/lua_list.go:285.25,287.3 1 4
github.com/aerospike/aerospike-client-go/internal/lua/lua_list.go:293.38,295.21 2 1
github.com/aerospike/aerospike-client-go/internal/lua/lua_list.go:300.2,307.10 7 1
github.com/aerospike/aerospike-client-go/internal/lua/lua_list.go:295.21,298.3 2 0
github.com/aerospike/aerospike-client-go/internal/lua/lua_list.go:311.38,313.21 2 2
github.com/aerospike/aerospike-client-go/internal/lua/lua_list.go:318.2,321.24 3 2
github.com/aerospike/aerospike-client-go/internal/lua/lua_list.go:325.2,325.25 1 2
github.com/aerospike/aerospike-client-go/internal/lua/lua_list.go:329.2,334.10 5 2
github.com/aerospike/aerospike-client-go/internal/lua/lua_list.go:313.21,316.3 2 0
github.com/aerospike/aerospike-client-go/internal/lua/lua_list.go:321.24,323.3 1 4
github.com/aerospike/aerospike-client-go/internal/lua/lua_list.go:325.25,327.3 1 4
github.com/aerospike/aerospike-client-go/internal/lua/lua_list.go:338.41,340.21 2 1
github.com/aerospike/aerospike-client-go/internal/lua/lua_list.go:345.2,346.10 2 1
github.com/aerospike/aerospike-client-go/internal/lua/lua_list.go:340.21,343.3 2 0
github.com/aerospike/aerospike-client-go/internal/lua/lua_list.go:349.37,351.21 2 4
github.com/aerospike/aerospike-client-go/internal/lua/lua_list.go:355.2,356.10 2 4
github.com/aerospike/aerospike-client-go/internal/lua/lua_list.go:351.21,354.3 2 0
github.com/aerospike/aerospike-client-go/internal/lua/lua_list.go:359.38,366.2 5 1
github.com/aerospike/aerospike-client-go/internal/lua/lua_list.go:368.41,375.2 5 1
github.com/aerospike/aerospike-client-go/internal/lua/lua_list.go:377.36,381.2 3 0
github.com/aerospike/aerospike-client-go/internal/lua/lua_list.go:383.41,389.32 4 1
github.com/aerospike/aerospike-client-go/internal/lua/lua_list.go:397.2,398.10 2 1
github.com/aerospike/aerospike-client-go/internal/lua/lua_list.go:389.32,390.17 1 6
github.com/aerospike/aerospike-client-go/internal/lua/lua_list.go:395.3,395.11 1 1
github.com/aerospike/aerospike-client-go/internal/lua/lua_list.go:390.17,394.4 3 5
github.com/aerospike/aerospike-client-go/internal/lua/lua_map.go:16.40,58.2 19 4
github.com/aerospike/aerospike-client-go/internal/lua/lua_map.go:61.38,62.21 1 2
github.com/aerospike/aerospike-client-go/internal/lua/lua_map.go:79.2,80.10 2 0
github.com/aerospike/aerospike-client-go/internal/lua/lua_map.go:62.21,69.3 6 2
github.com/aerospike/aerospike-client-go/internal/lua/lua_map.go:69.3,69.28 1 0
github.com/aerospike/aerospike-client-go/internal/lua/lua_map.go:69.28,78.3 8 0
github.com/aerospike/aerospike-client-go/internal/lua/lua_map.go:84.35,85.21 1 19
github.com/aerospike/aerospike-client-go/internal/lua/lua_map.go:105.2,106.10 2 0
github.com/aerospike/aerospike-client-go/internal/lua/lua_map.go:85.21,92.3 6 3
github.com/aerospike/aerospike-client-go/internal/lua/lua_map.go:92.3,92.28 1 16
github.com/aerospike/aerospike-client-go/internal/lua/lua_map.go:92.28,96.35 4 16
github.com/aerospike/aerospike-client-go/internal/lua/lua_map.go:98.3,103.11 6 16
github.com/aerospike/aerospike-client-go/internal/lua/lua_map.go:96.35,96.47 1 35
github.com/aerospike/aerospike-client-go/internal/lua/lua_map.go:110.50,112.37 2 15
github.com/aerospike/aerospike-client-go/internal/lua/lua_map.go:115.2,116.12 2 0
github.com/aerospike/aerospike-client-go/internal/lua/lua_map.go:112.37,114.3 1 15
github.com/aerospike/aerospike-client-go/internal/lua/lua_map.go:120.38,122.21 2 6
github.com/aerospike/aerospike-client-go/internal/lua/lua_map.go:126.2,129.10 3 6
github.com/aerospike/aerospike-client-go/internal/lua/lua_map.go:122.21,125.3 2 0
github.com/aerospike/aerospike-client-go/internal/lua/lua_map.go:133.37,135.21 2 1
github.com/aerospike/aerospike-client-go/internal/lua/lua_map.go:140.2,141.24 2 1
github.com/aerospike/aerospike-client-go/internal/lua/lua_map.go:145.2,149.10 5 1
github.com/aerospike/aerospike-client-go/internal/lua/lua_map.go:135.21,138.3 2 0
github.com/aerospike/aerospike-client-go/internal/lua/lua_map.go:141.24,143.3 1 2
github.com/aerospike/aerospike-client-go/internal/lua/lua_map.go:153.37,155.38 2 2
github.com/aerospike/aerospike-client-go/internal/lua/lua_map.go:160.2,160.21 1 2
github.com/aerospike/aerospike-client-go/internal/lua/lua_map.go:205.2,205.10 1 2
github.com/aerospike/aerospike-client-go/internal/lua/lua_map.go:155.38,158.3 2 0
github.com/aerospike/aerospike-client-go/internal/lua/lua_map.go:160.21,164.25 3 1
github.com/aerospike/aerospike-client-go/internal/lua/lua_map.go:168.3,168.26 1 1
github.com/aerospike/aerospike-client-go/internal/lua/lua_map.go:172.3,175.13 4 1
github.com/aerospike/aerospike-client-go/internal/lua/lua_map.go:164.25,166.4 1 2
github.com/aerospike/aerospike-client-go/internal/lua/lua_map.go:168.26,170.4 1 2
github.com/aerospike/aerospike-client-go/internal/lua/lua_map.go:176.3,181.25 4 1
github.com/aerospike/aerospike-client-go/internal/lua/lua_map.go:192.3,192.26 1 1
github.com/aerospike/aerospike-client-go/internal/lua/lua_map.go:199.3,202.13 4 1
github.com/aerospike/aerospike-client-go/internal/lua/lua_map.go:181.25,182.37 1 2
github.com/aerospike/aerospike-client-go/internal/lua/lua_map.go:182.37,187.5 4 2
github.com/aerospike/aerospike-client-go/internal/lua/lua_map.go:187.5,189.5 1 0
github.com/aerospike/aerospike-client-go/internal/lua/lua_map.go:192.26,194.41 1 2
github.com/aerospike/aerospike-client-go/internal/lua/lua_map.go:194.41,196.5 1 0
github.com/aerospike/aerospike-client-go/internal/lua/lua_map.go:209.36,211.21 2 0
github.com/aerospike/aerospike-client-go/internal/lua/lua_map.go:216.2,220.24 3 0
github.com/aerospike/aerospike-client-go/internal/lua/lua_map.go:226.2,226.25 1 0
github.com/aerospike/aerospike-client-go/internal/lua/lua_map.go:232.2,237.10 5 0
github.com/aerospike/aerospike-client-go/internal/lua/lua_map.go:211.21,214.3 2 0
github.com/aerospike/aerospike-client-go/internal/lua/lua_map.go:220.24,221.36 1 0
github.com/aerospike/aerospike-client-go/internal/lua/lua_map.go:221.36,223.4 1 0
github.com/aerospike/aerospike-client-go/internal/lua/lua_map.go:226.25,227.35 1 0
github.com/aerospike/aerospike-client-go/internal/lua/lua_map.go:227.35,229.4 1 0
github.com/aerospike/aerospike-client-go/internal/lua/lua_map.go:241.40,243.21 2 0
github.com/aerospike/aerospike-client-go/internal/lua/lua_map.go:247.2,248.10 2 0
github.com/aerospike/aerospike-client-go/internal/lua/lua_map.go:243.21,246.3 2 0
github.com/aerospike/aerospike-client-go/internal/lua/lua_map.go:251.36,253.21 2 4
github.com/aerospike/aerospike-client-go/internal/lua/lua_map.go:257.2,258.10 2 4
github.com/aerospike/aerospike-client-go/internal/lua/lua_map.go:253.21,256.3 2 0
github.com/aerospike/aerospike-client-go/internal/lua/lua_map.go:261.37,267.2 4 1
github.com/aerospike/aerospike-client-go/internal/lua/lua_map.go:269.40,276.2 5 1
github.com/aerospike/aerospike-client-go/internal/lua/lua_map.go:278.35,282.2 3 0
github.com/aerospike/aerospike-client-go/internal/lua/lua_map.go:284.37,290.12 3 1
github.com/aerospike/aerospike-client-go/internal/lua/lua_map.go:297.2,297.32 1 1
github.com/aerospike/aerospike-client-go/internal/lua/lua_map.go:307.2,308.10 2 1
github.com/aerospike/aerospike-client-go/internal/lua/lua_map.go:290.12,291.27 1 1
github.com/aerospike/aerospike-client-go/internal/lua/lua_map.go:294.3,294.14 1 1
github.com/aerospike/aerospike-client-go/internal/lua/lua_map.go:291.27,293.4 1 3
github.com/aerospike/aerospike-client-go/internal/lua/lua_map.go:297.32,299.19 2 4
github.com/aerospike/aerospike-client-go/internal/lua/lua_map.go:303.3,305.11 3 3
github.com/aerospike/aerospike-client-go/internal/lua/lua_map.go:299.19,301.4 1 1
github.com/aerospike/aerospike-client-go/internal/lua/lua_map.go:311.36,317.12 3 1
github.com/aerospike/aerospike-client-go/internal/lua/lua_map.go:324.2,324.32 1 1
github.com/aerospike/aerospike-client-go/internal/lua/lua_map.go:333.2,334.10 2 1
github.com/aerospike/aerospike-client-go/internal/lua/lua_map.go:317.12,318.27 1 1
github.com/aerospike/aerospike-client-go/internal/lua/lua_map.go:321.3,321.14 1 1
github.com/aerospike/aerospike-client-go/internal/lua/lua_map.go:318.27,320.4 1 3
github.com/aerospike/aerospike-client-go/internal/lua/lua_map.go:324.32,326.19 2 4
github.com/aerospike/aerospike-client-go/internal/lua/lua_map.go:330.3,331.11 2 3
github.com/aerospike/aerospike-client-go/internal/lua/lua_map.go:326.19,328.4 1 1
github.com/aerospike/aerospike-client-go/internal/lua/lua_map.go:337.38,343.12 3 1
github.com/aerospike/aerospike-client-go/internal/lua/lua_map.go:350.2,350.32 1 1
github.com/aerospike/aerospike-client-go/internal/lua/lua_map.go:359.2,360.10 2 1
github.com/aerospike/aerospike-client-go/internal/lua/lua_map.go:343.12,344.27 1 1
github.com/aerospike/aerospike-client-go/internal/lua/lua_map.go:347.3,347.14 1 1
github.com/aerospike/aerospike-client-go/internal/lua/lua_map.go:344.27,346.4 1 3
github.com/aerospike/aerospike-client-go/internal/lua/lua_map.go:350.32,352.19 2 4
github.com/aerospike/aerospike-client-go/internal/lua/lua_map.go:356.3,357.11 2 3
github.com/aerospike/aerospike-client-go/internal/lua/lua_map.go:352.19,354.4 1 1
github.com/aerospike/aerospike-client-go/internal/lua/lua_map.go:363.34,368.2 4 0
github.com/aerospike/aerospike-client-go/internal/lua/lua_map.go:374.47,376.37 2 5
github.com/aerospike/aerospike-client-go/internal/lua/lua_map.go:379.2,380.12 2 0
github.com/aerospike/aerospike-client-go/internal/lua/lua_map.go:376.37,378.3 1 5
github.com/aerospike/aerospike-client-go/internal/lua/lua_stream.go:16.43,34.2 9 4
github.com/aerospike/aerospike-client-go/internal/lua/lua_stream.go:37.75,43.2 5 0
github.com/aerospike/aerospike-client-go/internal/lua/lua_stream.go:46.38,53.2 6 0
github.com/aerospike/aerospike-client-go/internal/lua/lua_stream.go:56.56,58.40 2 0
github.com/aerospike/aerospike-client-go/internal/lua/lua_stream.go:61.2,62.12 2 0
github.com/aerospike/aerospike-client-go/internal/lua/lua_stream.go:58.40,60.3 1 0
github.com/aerospike/aerospike-client-go/internal/lua/lua_stream.go:66.43,68.21 2 0
github.com/aerospike/aerospike-client-go/internal/lua/lua_stream.go:72.2,73.10 2 0
github.com/aerospike/aerospike-client-go/internal/lua/lua_stream.go:68.21,71.3 2 0
github.com/aerospike/aerospike-client-go/internal/lua/lua_stream.go:76.39,78.21 2 0
github.com/aerospike/aerospike-client-go/internal/lua/lua_stream.go:83.2,84.10 2 0
github.com/aerospike/aerospike-client-go/internal/lua/lua_stream.go:78.21,81.3 2 0
github.com/aerospike/aerospike-client-go/internal/lua/lua_stream.go:87.40,89.21 2 0
github.com/aerospike/aerospike-client-go/internal/lua/lua_stream.go:94.2,95.10 2 0
github.com/aerospike/aerospike-client-go/internal/lua/lua_stream.go:89.21,92.3 2 0
github.com/aerospike/aerospike-client-go/internal/lua/lua_stream.go:99.43,101.21 2 0
github.com/aerospike/aerospike-client-go/internal/lua/lua_stream.go:105.2,106.10 2 0
github.com/aerospike/aerospike-client-go/internal/lua/lua_stream.go:101.21,104.3 2 0
github.com/aerospike/aerospike-client-go/internal/lua/lua_stream.go:110.44,112.21 2 0
github.com/aerospike/aerospike-client-go/internal/lua/lua_stream.go:116.2,117.10 2 0
github.com/aerospike/aerospike-client-go/internal/lua/lua_stream.go:112.21,115.3 2 0
