mode: atomic
github.com/aerospike/aerospike-client-go/pkg/ripemd160/ripemd160block.go:45.39,49.26 4 115739
github.com/aerospike/aerospike-client-go/pkg/ripemd160/ripemd160block.go:160.2,160.10 1 115739
github.com/aerospike/aerospike-client-go/pkg/ripemd160/ripemd160block.go:49.26,53.27 4 15659
github.com/aerospike/aerospike-client-go/pkg/ripemd160/ripemd160block.go:59.3,60.14 2 15659
github.com/aerospike/aerospike-client-go/pkg/ripemd160/ripemd160block.go:78.3,78.14 1 15659
github.com/aerospike/aerospike-client-go/pkg/ripemd160/ripemd160block.go:96.3,96.14 1 15659
github.com/aerospike/aerospike-client-go/pkg/ripemd160/ripemd160block.go:114.3,114.14 1 15659
github.com/aerospike/aerospike-client-go/pkg/ripemd160/ripemd160block.go:132.3,132.14 1 15659
github.com/aerospike/aerospike-client-go/pkg/ripemd160/ripemd160block.go:150.3,158.17 8 15659
github.com/aerospike/aerospike-client-go/pkg/ripemd160/ripemd160block.go:53.27,56.4 2 250544
github.com/aerospike/aerospike-client-go/pkg/ripemd160/ripemd160block.go:60.14,75.4 11 250544
github.com/aerospike/aerospike-client-go/pkg/ripemd160/ripemd160block.go:78.14,93.4 11 250544
github.com/aerospike/aerospike-client-go/pkg/ripemd160/ripemd160block.go:96.14,111.4 11 250544
github.com/aerospike/aerospike-client-go/pkg/ripemd160/ripemd160block.go:114.14,129.4 11 250544
github.com/aerospike/aerospike-client-go/pkg/ripemd160/ripemd160block.go:132.14,147.4 11 250544
github.com/aerospike/aerospike-client-go/pkg/ripemd160/ripemd160.go:17.13,19.2 1 1
github.com/aerospike/aerospike-client-go/pkg/ripemd160/ripemd160.go:43.26,47.2 3 34
github.com/aerospike/aerospike-client-go/pkg/ripemd160/ripemd160.go:50.22,54.2 3 9
github.com/aerospike/aerospike-client-go/pkg/ripemd160/ripemd160.go:56.29,56.44 1 0
github.com/aerospike/aerospike-client-go/pkg/ripemd160/ripemd160.go:58.34,58.54 1 0
github.com/aerospike/aerospike-client-go/pkg/ripemd160/ripemd160.go:60.54,63.14 3 100082
github.com/aerospike/aerospike-client-go/pkg/ripemd160/ripemd160.go:78.2,80.16 3 100082
github.com/aerospike/aerospike-client-go/pkg/ripemd160/ripemd160.go:83.2,83.8 1 100082
github.com/aerospike/aerospike-client-go/pkg/ripemd160/ripemd160.go:63.14,65.25 2 96927
github.com/aerospike/aerospike-client-go/pkg/ripemd160/ripemd160.go:68.3,68.26 1 96927
github.com/aerospike/aerospike-client-go/pkg/ripemd160/ripemd160.go:71.3,72.24 2 96927
github.com/aerospike/aerospike-client-go/pkg/ripemd160/ripemd160.go:76.3,76.12 1 96927
github.com/aerospike/aerospike-client-go/pkg/ripemd160/ripemd160.go:65.25,67.4 1 12507
github.com/aerospike/aerospike-client-go/pkg/ripemd160/ripemd160.go:68.26,70.4 1 907245
github.com/aerospike/aerospike-client-go/pkg/ripemd160/ripemd160.go:72.24,75.4 2 15657
github.com/aerospike/aerospike-client-go/pkg/ripemd160/ripemd160.go:80.16,82.3 1 15657
github.com/aerospike/aerospike-client-go/pkg/ripemd160/ripemd160.go:86.40,94.16 4 25
github.com/aerospike/aerospike-client-go/pkg/ripemd160/ripemd160.go:101.2,102.31 2 25
github.com/aerospike/aerospike-client-go/pkg/ripemd160/ripemd160.go:105.2,107.15 2 25
github.com/aerospike/aerospike-client-go/pkg/ripemd160/ripemd160.go:111.2,112.24 2 25
github.com/aerospike/aerospike-client-go/pkg/ripemd160/ripemd160.go:119.2,119.18 1 25
github.com/aerospike/aerospike-client-go/pkg/ripemd160/ripemd160.go:94.16,96.3 1 19
github.com/aerospike/aerospike-client-go/pkg/ripemd160/ripemd160.go:96.3,98.3 1 6
github.com/aerospike/aerospike-client-go/pkg/ripemd160/ripemd160.go:102.31,104.3 1 200
github.com/aerospike/aerospike-client-go/pkg/ripemd160/ripemd160.go:107.15,108.21 1 0
github.com/aerospike/aerospike-client-go/pkg/ripemd160/ripemd160.go:112.24,117.3 4 125
